[WARN]  Running against a source checkout. In order to get our runtime dependencies we'll have to invoke Maven. Depending on the state of your system, this may take ~30-45 seconds
[DEBUG]  Running 'mvn -pl site.ycsb:scylla-binding -am package -DskipTests dependency:build-classpath -DincludeScope=compile -Dmdep.outputFilterFile=true'
java -cp /data/YCSB/scylla/conf:/data/YCSB/scylla/target/scylla-binding-0.18.0-SNAPSHOT.jar:/root/.m2/repository/com/github/jnr/jffi/1.2.16/jffi-1.2.16.jar:/root/.m2/repository/org/hdrhistogram/HdrHistogram/2.1.4/HdrHistogram-2.1.4.jar:/root/.m2/repository/org/ow2/asm/asm/5.0.3/asm-5.0.3.jar:/root/.m2/repository/com/github/jnr/jnr-constants/0.9.9/jnr-constants-0.9.9.jar:/root/.m2/repository/com/google/guava/guava/19.0/guava-19.0.jar:/root/.m2/repository/org/codehaus/jackson/jackson-core-asl/1.9.4/jackson-core-asl-1.9.4.jar:/data/YCSB/core/target/core-0.18.0-SNAPSHOT.jar:/root/.m2/repository/com/github/jnr/jnr-posix/3.0.44/jnr-posix-3.0.44.jar:/root/.m2/repository/io/netty/netty-handler/4.0.56.Final/netty-handler-4.0.56.Final.jar:/root/.m2/repository/com/fasterxml/jackson/core/jackson-core/2.7.9/jackson-core-2.7.9.jar:/root/.m2/repository/org/codehaus/jackson/jackson-mapper-asl/1.9.4/jackson-mapper-asl-1.9.4.jar:/root/.m2/repository/com/scylladb/scylla-driver-core/3.10.2-scylla-1/scylla-driver-core-3.10.2-scylla-1.jar:/root/.m2/repository/org/ow2/asm/asm-commons/5.0.3/asm-commons-5.0.3.jar:/root/.m2/repository/org/ow2/asm/asm-util/5.0.3/asm-util-5.0.3.jar:/root/.m2/repository/org/apache/htrace/htrace-core4/4.1.0-incubating/htrace-core4-4.1.0-incubating.jar:/root/.m2/repository/io/netty/netty-buffer/4.0.56.Final/netty-buffer-4.0.56.Final.jar:/root/.m2/repository/com/github/jnr/jnr-ffi/2.1.7/jnr-ffi-2.1.7.jar:/root/.m2/repository/org/ow2/asm/asm-tree/5.0.3/asm-tree-5.0.3.jar:/root/.m2/repository/com/fasterxml/jackson/core/jackson-annotations/2.7.0/jackson-annotations-2.7.0.jar:/root/.m2/repository/io/netty/netty-transport/4.0.56.Final/netty-transport-4.0.56.Final.jar:/root/.m2/repository/io/dropwizard/metrics/metrics-core/3.2.2/metrics-core-3.2.2.jar:/root/.m2/repository/io/netty/netty-common/4.0.56.Final/netty-common-4.0.56.Final.jar:/root/.m2/repository/com/fasterxml/jackson/core/jackson-databind/2.7.9.3/jackson-databind-2.7.9.3.jar:/root/.m2/repository/org/slf4j/slf4j-api/1.7.25/slf4j-api-1.7.25.jar:/root/.m2/repository/org/ow2/asm/asm-analysis/5.0.3/asm-analysis-5.0.3.jar:/root/.m2/repository/com/github/jnr/jnr-x86asm/1.0.2/jnr-x86asm-1.0.2.jar:/root/.m2/repository/io/netty/netty-codec/4.0.56.Final/netty-codec-4.0.56.Final.jar site.ycsb.Client -db site.ycsb.db.scylla.ScyllaCQLClient -s -P workloads/workloada -threads 100 -p recordcount=100000000 -p readproportion=0.5 -p updateproportion=0.5 -p fieldcount=10 -p fieldlength=409 -p insertstart=0 -p insertcount=100000000 -p scylla.local_dc=ap-northeast-1 -p scylla.tokenaware=true -p scylla.hosts=scylla-dp-4x-az.dataplatform.dev.smartnews.net -p scylla.username=cassandra -p scylla.password=cassandra -p table=usertable -load
Command line: -db site.ycsb.db.scylla.ScyllaCQLClient -s -P workloads/workloada -threads 100 -p recordcount=100000000 -p readproportion=0.5 -p updateproportion=0.5 -p fieldcount=10 -p fieldlength=409 -p insertstart=0 -p insertcount=100000000 -p scylla.local_dc=ap-northeast-1 -p scylla.tokenaware=true -p scylla.hosts=scylla-dp-4x-az.dataplatform.dev.smartnews.net -p scylla.username=cassandra -p scylla.password=cassandra -p table=usertable -load
YCSB Client 0.18.0-SNAPSHOT

Loading workload...
Starting test.
SLF4J: Failed to load class "org.slf4j.impl.StaticLoggerBinder".
SLF4J: Defaulting to no-operation (NOP) logger implementation
SLF4J: See http://www.slf4j.org/codes.html#StaticLoggerBinder for further details.
2022-04-20 12:59:07:066 0 sec: 0 operations; est completion in 0 second 
===== Using optimized driver!!! =====
DBWrapper: report latency for each error is false and specific error codes to track for latency are: []
2022-04-20 12:59:17:032 10 sec: 113238 operations; 11322.67 current ops/sec; est completion in 2 hours 27 minutes [INSERT: Count=113285, Max=247807, Min=754, Avg=7840.98, 90=15503, 99=43487, 99.9=105663, 99.99=204927] 
2022-04-20 12:59:27:032 20 sec: 348758 operations; 23554.36 current ops/sec; est completion in 1 hour 35 minutes [INSERT: Count=235482, Max=51551, Min=692, Avg=4241.75, 90=7799, 99=13271, 99.9=21119, 99.99=35295] 
2022-04-20 12:59:37:032 30 sec: 590062 operations; 24130.4 current ops/sec; est completion in 1 hour 24 minutes [INSERT: Count=241305, Max=27423, Min=750, Avg=4138.93, 90=7651, 99=13367, 99.9=18383, 99.99=23263] 
2022-04-20 12:59:47:032 40 sec: 827772 operations; 23768.62 current ops/sec; est completion in 1 hour 19 minutes [INSERT: Count=237709, Max=33311, Min=728, Avg=4202.65, 90=7847, 99=13615, 99.9=19679, 99.99=27327] 
2022-04-20 12:59:57:032 50 sec: 1067280 operations; 23953.2 current ops/sec; est completion in 1 hour 17 minutes [INSERT: Count=239506, Max=25359, Min=739, Avg=4170.99, 90=7803, 99=13255, 99.9=17759, 99.99=21407] 
2022-04-20 13:00:07:032 60 sec: 1304662 operations; 23738.2 current ops/sec; est completion in 1 hour 15 minutes [INSERT: Count=237384, Max=27775, Min=682, Avg=4207.82, 90=7843, 99=13375, 99.9=17615, 99.99=22783] 
2022-04-20 13:00:17:032 70 sec: 1542465 operations; 23780.3 current ops/sec; est completion in 1 hour 14 minutes [INSERT: Count=237803, Max=24367, Min=733, Avg=4201.62, 90=7803, 99=13079, 99.9=17871, 99.99=22111] 
2022-04-20 13:00:27:032 80 sec: 1780038 operations; 23754.92 current ops/sec; est completion in 1 hour 13 minutes [INSERT: Count=237582, Max=25855, Min=723, Avg=4204.97, 90=7759, 99=13191, 99.9=17471, 99.99=21791] 
2022-04-20 13:00:37:032 90 sec: 2015720 operations; 23568.2 current ops/sec; est completion in 1 hour 12 minutes [INSERT: Count=235670, Max=28703, Min=732, Avg=4238.55, 90=7879, 99=13287, 99.9=17887, 99.99=21919] 
2022-04-20 13:00:47:032 100 sec: 2252762 operations; 23704.2 current ops/sec; est completion in 1 hour 12 minutes [INSERT: Count=237042, Max=24271, Min=721, Avg=4214.63, 90=7823, 99=13327, 99.9=17391, 99.99=20863] 
2022-04-20 13:00:57:032 110 sec: 2489952 operations; 23719 current ops/sec; est completion in 1 hour 11 minutes [INSERT: Count=237192, Max=34143, Min=746, Avg=4211.75, 90=7715, 99=12919, 99.9=18399, 99.99=29103] 
2022-04-20 13:01:07:032 120 sec: 2728538 operations; 23860.99 current ops/sec; est completion in 1 hour 11 minutes [INSERT: Count=238583, Max=25407, Min=715, Avg=4187.24, 90=7647, 99=13039, 99.9=17855, 99.99=21471] 
2022-04-20 13:01:17:032 130 sec: 2966718 operations; 23818 current ops/sec; est completion in 1 hour 10 minutes [INSERT: Count=238184, Max=26911, Min=706, Avg=4194.6, 90=7627, 99=12927, 99.9=17743, 99.99=22079] 
2022-04-20 13:01:27:032 140 sec: 3216422 operations; 24970.4 current ops/sec; est completion in 1 hour 10 minutes [INSERT: Count=249705, Max=30639, Min=662, Avg=4001.04, 90=8671, 99=15711, 99.9=21087, 99.99=25871] 
2022-04-20 13:01:37:032 150 sec: 3464882 operations; 24846 current ops/sec; est completion in 1 hour 9 minutes [INSERT: Count=248459, Max=28927, Min=647, Avg=4020.56, 90=8975, 99=16343, 99.9=21807, 99.99=26671] 
2022-04-20 13:01:47:032 160 sec: 3718083 operations; 25317.57 current ops/sec; est completion in 1 hour 9 minutes [INSERT: Count=253201, Max=30671, Min=618, Avg=3944.58, 90=8943, 99=16511, 99.9=22111, 99.99=27311] 
2022-04-20 13:01:57:032 170 sec: 3972737 operations; 25467.95 current ops/sec; est completion in 1 hour 8 minutes [INSERT: Count=254649, Max=33311, Min=585, Avg=3922.93, 90=9207, 99=17663, 99.9=23647, 99.99=28767] 
2022-04-20 13:02:07:032 180 sec: 4227672 operations; 25493.5 current ops/sec; est completion in 1 hour 7 minutes [INSERT: Count=254945, Max=29119, Min=585, Avg=3917.87, 90=9151, 99=17087, 99.9=22575, 99.99=26015] 
2022-04-20 13:02:17:032 190 sec: 4480218 operations; 25252.07 current ops/sec; est completion in 1 hour 7 minutes [INSERT: Count=252541, Max=34655, Min=572, Avg=3955.94, 90=9279, 99=17263, 99.9=23039, 99.99=29679] 
2022-04-20 13:02:27:032 200 sec: 4721860 operations; 24166.62 current ops/sec; est completion in 1 hour 7 minutes [INSERT: Count=241644, Max=29119, Min=621, Avg=4135.3, 90=7931, 99=14647, 99.9=19999, 99.99=24527] 
2022-04-20 13:02:37:032 210 sec: 4961272 operations; 23941.2 current ops/sec; est completion in 1 hour 7 minutes [INSERT: Count=239409, Max=26015, Min=750, Avg=4172.51, 90=7775, 99=13247, 99.9=17535, 99.99=22799] 
2022-04-20 13:02:47:032 220 sec: 5200144 operations; 23884.81 current ops/sec; est completion in 1 hour 6 minutes [INSERT: Count=238872, Max=27919, Min=728, Avg=4181.81, 90=7983, 99=13575, 99.9=18847, 99.99=24239] 
2022-04-20 13:02:57:032 230 sec: 5447837 operations; 24771.78 current ops/sec; est completion in 1 hour 6 minutes [INSERT: Count=247691, Max=38911, Min=589, Avg=4033.38, 90=8703, 99=16319, 99.9=22367, 99.99=31919] 
2022-04-20 13:03:07:032 240 sec: 5699954 operations; 25211.7 current ops/sec; est completion in 1 hour 6 minutes [INSERT: Count=252116, Max=35487, Min=611, Avg=3962.41, 90=9303, 99=17199, 99.9=23183, 99.99=28831] 
2022-04-20 13:03:17:032 250 sec: 5955502 operations; 25554.8 current ops/sec; est completion in 1 hour 5 minutes [INSERT: Count=255549, Max=35935, Min=598, Avg=3909.05, 90=9007, 99=16991, 99.9=23439, 99.99=29231] 
2022-04-20 13:03:27:032 260 sec: 6211872 operations; 25637 current ops/sec; est completion in 1 hour 5 minutes [INSERT: Count=256369, Max=32255, Min=583, Avg=3895.86, 90=9175, 99=17343, 99.9=23423, 99.99=28511] 
2022-04-20 13:03:37:032 270 sec: 6467447 operations; 25554.94 current ops/sec; est completion in 1 hour 5 minutes [INSERT: Count=255579, Max=35519, Min=597, Avg=3909.69, 90=9247, 99=17247, 99.9=22671, 99.99=27615] 
2022-04-20 13:03:47:039 280 sec: 6724825 operations; 25722.37 current ops/sec; est completion in 1 hour 4 minutes [INSERT: Count=257370, Max=28431, Min=574, Avg=3878.77, 90=9055, 99=17151, 99.9=21967, 99.99=25791] 
2022-04-20 13:03:57:032 290 sec: 6973894 operations; 24921.85 current ops/sec; est completion in 1 hour 4 minutes [INSERT: Count=249073, Max=35103, Min=610, Avg=4012.86, 90=8751, 99=16975, 99.9=23327, 99.99=29807] 
2022-04-20 13:04:07:032 300 sec: 7220494 operations; 24660 current ops/sec; est completion in 1 hour 4 minutes [INSERT: Count=246596, Max=33887, Min=631, Avg=4050.97, 90=8263, 99=15663, 99.9=21983, 99.99=26415] 
2022-04-20 13:04:17:032 310 sec: 7474272 operations; 25377.8 current ops/sec; est completion in 1 hour 3 minutes [INSERT: Count=253779, Max=31247, Min=615, Avg=3936.43, 90=9343, 99=17423, 99.9=22751, 99.99=27679] 
2022-04-20 13:04:27:032 320 sec: 7726876 operations; 25260.4 current ops/sec; est completion in 1 hour 3 minutes [INSERT: Count=252607, Max=33407, Min=597, Avg=3954.32, 90=9359, 99=16975, 99.9=22239, 99.99=26991] 
2022-04-20 13:04:37:032 330 sec: 7979564 operations; 25268.8 current ops/sec; est completion in 1 hour 3 minutes [INSERT: Count=252687, Max=33727, Min=597, Avg=3953.41, 90=9335, 99=17423, 99.9=23311, 99.99=28895] 
2022-04-20 13:04:47:033 340 sec: 8232204 operations; 25266.53 current ops/sec; est completion in 1 hour 3 minutes [INSERT: Count=252659, Max=31743, Min=597, Avg=3954.28, 90=9287, 99=17343, 99.9=23279, 99.99=29423] 
2022-04-20 13:04:57:034 350 sec: 8486599 operations; 25431.87 current ops/sec; est completion in 1 hour 2 minutes [INSERT: Count=254376, Max=35583, Min=601, Avg=3923.3, 90=9199, 99=17023, 99.9=23199, 99.99=28943] 
2022-04-20 13:05:07:032 360 sec: 8738116 operations; 25159.25 current ops/sec; est completion in 1 hour 2 minutes [INSERT: Count=251519, Max=35199, Min=596, Avg=3974.13, 90=9311, 99=17599, 99.9=23727, 99.99=30095] 
2022-04-20 13:05:17:032 370 sec: 8990245 operations; 25210.38 current ops/sec; est completion in 1 hour 2 minutes [INSERT: Count=252129, Max=35167, Min=615, Avg=3961.87, 90=9375, 99=17439, 99.9=22943, 99.99=27359] 
2022-04-20 13:05:27:032 380 sec: 9242623 operations; 25237.8 current ops/sec; est completion in 1 hour 2 minutes [INSERT: Count=252376, Max=29743, Min=602, Avg=3959.39, 90=9295, 99=17263, 99.9=22287, 99.99=25519] 
2022-04-20 13:05:37:032 390 sec: 9478898 operations; 23627.5 current ops/sec; est completion in 1 hour 2 minutes [INSERT: Count=236274, Max=30879, Min=613, Avg=4227.89, 90=7603, 99=13255, 99.9=19183, 99.99=24063] 
2022-04-20 13:05:47:032 400 sec: 9713979 operations; 23508.1 current ops/sec; est completion in 1 hour 1 minute [INSERT: Count=235085, Max=28431, Min=738, Avg=4249.59, 90=8007, 99=13887, 99.9=19567, 99.99=25023] 
2022-04-20 13:05:57:032 410 sec: 9949526 operations; 23554.7 current ops/sec; est completion in 1 hour 1 minute [INSERT: Count=235543, Max=30815, Min=664, Avg=4240.61, 90=7995, 99=13711, 99.9=19167, 99.99=24799] 
2022-04-20 13:06:07:032 420 sec: 10186443 operations; 23694.07 current ops/sec; est completion in 1 hour 1 minute [INSERT: Count=236920, Max=29327, Min=696, Avg=4217.15, 90=7963, 99=13583, 99.9=18735, 99.99=24095] 
2022-04-20 13:06:17:032 430 sec: 10420957 operations; 23451.4 current ops/sec; est completion in 1 hour 1 minute [INSERT: Count=234516, Max=38911, Min=679, Avg=4259.89, 90=8079, 99=14247, 99.9=21391, 99.99=31711] 
2022-04-20 13:06:27:032 440 sec: 10660349 operations; 23939.2 current ops/sec; est completion in 1 hour 1 minute [INSERT: Count=239392, Max=30255, Min=700, Avg=4173.45, 90=7859, 99=13239, 99.9=17327, 99.99=21807] 
2022-04-20 13:06:37:032 450 sec: 10898670 operations; 23829.72 current ops/sec; est completion in 1 hour 1 minute [INSERT: Count=238320, Max=27727, Min=764, Avg=4191.84, 90=7747, 99=13143, 99.9=17647, 99.99=23247] 
2022-04-20 13:06:47:032 460 sec: 11142517 operations; 24384.7 current ops/sec; est completion in 1 hour 1 minute [INSERT: Count=243844, Max=29887, Min=681, Avg=4096.69, 90=8263, 99=14911, 99.9=20047, 99.99=25567] 
2022-04-20 13:06:57:032 470 sec: 11395270 operations; 25275.3 current ops/sec; est completion in 1 hour [INSERT: Count=252756, Max=30447, Min=612, Avg=3951.62, 90=8871, 99=16527, 99.9=21999, 99.99=26559] 
2022-04-20 13:07:07:032 480 sec: 11648770 operations; 25352.54 current ops/sec; est completion in 1 hour [INSERT: Count=253496, Max=33791, Min=608, Avg=3940.74, 90=9175, 99=17407, 99.9=23615, 99.99=28959] 
2022-04-20 13:07:17:032 490 sec: 11890660 operations; 24189 current ops/sec; est completion in 1 hour [INSERT: Count=241891, Max=28431, Min=611, Avg=4131.13, 90=7651, 99=14151, 99.9=19887, 99.99=24591] 
2022-04-20 13:07:27:032 500 sec: 12148194 operations; 25753.4 current ops/sec; est completion in 1 hour [INSERT: Count=257537, Max=28591, Min=590, Avg=3878.74, 90=9063, 99=16879, 99.9=22351, 99.99=26623] 
2022-04-20 13:07:37:032 510 sec: 12408540 operations; 26034.6 current ops/sec; est completion in 1 hour [INSERT: Count=260345, Max=28943, Min=596, Avg=3837.57, 90=9103, 99=16703, 99.9=22159, 99.99=25039] 
2022-04-20 13:07:47:032 520 sec: 12670677 operations; 26211.08 current ops/sec; est completion in 59 minutes [INSERT: Count=262136, Max=31135, Min=591, Avg=3811.02, 90=8871, 99=16767, 99.9=21951, 99.99=25679] 
2022-04-20 13:07:57:032 530 sec: 12933153 operations; 26247.6 current ops/sec; est completion in 59 minutes [INSERT: Count=262471, Max=37535, Min=617, Avg=3805.79, 90=8887, 99=16735, 99.9=22095, 99.99=27407] 
2022-04-20 13:08:07:032 540 sec: 13192646 operations; 25949.3 current ops/sec; est completion in 59 minutes [INSERT: Count=259494, Max=37151, Min=607, Avg=3848.89, 90=9031, 99=16671, 99.9=22479, 99.99=26815] 
2022-04-20 13:08:17:032 550 sec: 13454587 operations; 26196.72 current ops/sec; est completion in 58 minutes [INSERT: Count=261940, Max=29663, Min=590, Avg=3814.65, 90=8927, 99=17023, 99.9=22655, 99.99=26447] 
2022-04-20 13:08:27:032 560 sec: 13717756 operations; 26316.9 current ops/sec; est completion in 58 minutes [INSERT: Count=263176, Max=32319, Min=597, Avg=3795.66, 90=8815, 99=16463, 99.9=22031, 99.99=26911] 
2022-04-20 13:08:37:032 570 sec: 13981704 operations; 26394.8 current ops/sec; est completion in 58 minutes [INSERT: Count=263943, Max=28079, Min=606, Avg=3785.36, 90=8767, 99=16295, 99.9=21519, 99.99=25807] 
2022-04-20 13:08:47:032 580 sec: 14232855 operations; 25115.1 current ops/sec; est completion in 58 minutes [INSERT: Count=251149, Max=32079, Min=613, Avg=3978.53, 90=7523, 99=13927, 99.9=19791, 99.99=27119] 
2022-04-20 13:08:57:032 590 sec: 14476207 operations; 24332.77 current ops/sec; est completion in 58 minutes [INSERT: Count=243357, Max=30127, Min=691, Avg=4105.82, 90=7139, 99=12399, 99.9=17679, 99.99=24831] 
2022-04-20 13:09:07:036 600 sec: 14721755 operations; 24547.44 current ops/sec; est completion in 57 minutes [INSERT: Count=245548, Max=28031, Min=672, Avg=4066.16, 90=7451, 99=12831, 99.9=17295, 99.99=20863] 
2022-04-20 13:09:17:032 610 sec: 14974823 operations; 25314.39 current ops/sec; est completion in 57 minutes [INSERT: Count=253069, Max=31839, Min=611, Avg=3949.56, 90=8479, 99=15799, 99.9=20943, 99.99=25503] 
2022-04-20 13:09:27:032 620 sec: 15237781 operations; 26295.8 current ops/sec; est completion in 57 minutes [INSERT: Count=262954, Max=36191, Min=586, Avg=3798.19, 90=8767, 99=16431, 99.9=21711, 99.99=28127] 
2022-04-20 13:09:37:032 630 sec: 15498705 operations; 26095.01 current ops/sec; est completion in 57 minutes [INSERT: Count=260922, Max=33567, Min=590, Avg=3829.97, 90=9031, 99=16751, 99.9=22207, 99.99=27327] 
2022-04-20 13:09:47:032 640 sec: 15762861 operations; 26412.96 current ops/sec; est completion in 57 minutes [INSERT: Count=264159, Max=28959, Min=607, Avg=3781.87, 90=8711, 99=16511, 99.9=21695, 99.99=25631] 
2022-04-20 13:09:57:032 650 sec: 16024509 operations; 26167.42 current ops/sec; est completion in 56 minutes [INSERT: Count=261650, Max=33151, Min=605, Avg=3817.82, 90=8815, 99=16495, 99.9=21743, 99.99=26799] 
2022-04-20 13:10:07:032 660 sec: 16284450 operations; 25991.5 current ops/sec; est completion in 56 minutes [INSERT: Count=259940, Max=29615, Min=594, Avg=3844.03, 90=8983, 99=16783, 99.9=22191, 99.99=26111] 
2022-04-20 13:10:17:032 670 sec: 16539258 operations; 25483.35 current ops/sec; est completion in 56 minutes [INSERT: Count=254808, Max=31055, Min=623, Avg=3920.07, 90=8255, 99=15447, 99.9=21103, 99.99=26671] 
2022-04-20 13:10:27:032 680 sec: 16791845 operations; 25256.17 current ops/sec; est completion in 56 minutes [INSERT: Count=252588, Max=25487, Min=619, Avg=3955.8, 90=7815, 99=14695, 99.9=19695, 99.99=22223] 
2022-04-20 13:10:37:032 690 sec: 17054131 operations; 26228.6 current ops/sec; est completion in 55 minutes [INSERT: Count=262283, Max=31567, Min=590, Avg=3808.65, 90=8767, 99=16359, 99.9=21743, 99.99=26095] 
2022-04-20 13:10:47:032 700 sec: 17316143 operations; 26203.82 current ops/sec; est completion in 55 minutes [INSERT: Count=262014, Max=28447, Min=587, Avg=3813.11, 90=8975, 99=16623, 99.9=21663, 99.99=26031] 
2022-04-20 13:10:57:032 710 sec: 17578664 operations; 26252.1 current ops/sec; est completion in 55 minutes [INSERT: Count=262520, Max=29807, Min=584, Avg=3806, 90=8839, 99=16447, 99.9=21711, 99.99=26511] 
2022-04-20 13:11:07:032 720 sec: 17840421 operations; 26175.7 current ops/sec; est completion in 55 minutes [INSERT: Count=261757, Max=31983, Min=606, Avg=3816.53, 90=8887, 99=16607, 99.9=21823, 99.99=27903] 
2022-04-20 13:11:17:032 730 sec: 18102656 operations; 26220.88 current ops/sec; est completion in 55 minutes [INSERT: Count=262236, Max=33727, Min=607, Avg=3809.42, 90=8847, 99=16895, 99.9=22767, 99.99=28815] 
2022-04-20 13:11:27:032 740 sec: 18367249 operations; 26459.3 current ops/sec; est completion in 54 minutes [INSERT: Count=264589, Max=29567, Min=587, Avg=3775.83, 90=8759, 99=16359, 99.9=21631, 99.99=25647] 
2022-04-20 13:11:37:032 750 sec: 18630198 operations; 26294.9 current ops/sec; est completion in 54 minutes [INSERT: Count=262955, Max=32687, Min=619, Avg=3799.35, 90=8847, 99=16415, 99.9=22287, 99.99=27503] 
2022-04-20 13:11:47:032 760 sec: 18889121 operations; 25892.3 current ops/sec; est completion in 54 minutes [INSERT: Count=258922, Max=33695, Min=577, Avg=3858.34, 90=8615, 99=15951, 99.9=21839, 99.99=27695] 
2022-04-20 13:11:57:032 770 sec: 19130595 operations; 24147.4 current ops/sec; est completion in 54 minutes [INSERT: Count=241473, Max=32895, Min=724, Avg=4137.78, 90=6923, 99=11871, 99.9=18271, 99.99=27631] 
2022-04-20 13:12:07:032 780 sec: 19375182 operations; 24461.15 current ops/sec; est completion in 54 minutes [INSERT: Count=244589, Max=29711, Min=704, Avg=4084.89, 90=7583, 99=13199, 99.9=19087, 99.99=24655] 
2022-04-20 13:12:17:032 790 sec: 19622027 operations; 24682.03 current ops/sec; est completion in 53 minutes [INSERT: Count=246842, Max=24975, Min=744, Avg=4047.69, 90=7511, 99=12487, 99.9=17183, 99.99=20511] 
2022-04-20 13:12:27:032 800 sec: 19867276 operations; 24524.9 current ops/sec; est completion in 53 minutes [INSERT: Count=245249, Max=26943, Min=721, Avg=4073.71, 90=7535, 99=12935, 99.9=18063, 99.99=22175] 
2022-04-20 13:12:37:032 810 sec: 20114752 operations; 24750.08 current ops/sec; est completion in 53 minutes [INSERT: Count=247475, Max=25119, Min=701, Avg=4036.62, 90=7547, 99=12887, 99.9=17567, 99.99=21519] 
2022-04-20 13:12:47:032 820 sec: 20361740 operations; 24696.33 current ops/sec; est completion in 53 minutes [INSERT: Count=246991, Max=27215, Min=743, Avg=4046, 90=7519, 99=12575, 99.9=16751, 99.99=21423] 
2022-04-20 13:12:57:032 830 sec: 20607735 operations; 24601.96 current ops/sec; est completion in 53 minutes [INSERT: Count=245994, Max=24831, Min=702, Avg=4061.25, 90=7511, 99=12583, 99.9=16767, 99.99=19775] 
2022-04-20 13:13:07:032 840 sec: 20852028 operations; 24426.86 current ops/sec; est completion in 53 minutes [INSERT: Count=244292, Max=30335, Min=712, Avg=4089.92, 90=7475, 99=12535, 99.9=16959, 99.99=21311] 
2022-04-20 13:13:17:032 850 sec: 21095226 operations; 24322.23 current ops/sec; est completion in 53 minutes [INSERT: Count=243203, Max=29103, Min=701, Avg=4108.14, 90=7435, 99=13135, 99.9=18719, 99.99=23855] 
2022-04-20 13:13:27:032 860 sec: 21339489 operations; 24423.86 current ops/sec; est completion in 52 minutes [INSERT: Count=244256, Max=26991, Min=709, Avg=4090.54, 90=7503, 99=12815, 99.9=17423, 99.99=22079] 
2022-04-20 13:13:37:032 870 sec: 21584391 operations; 24490.2 current ops/sec; est completion in 52 minutes [INSERT: Count=244905, Max=26639, Min=730, Avg=4079.75, 90=7331, 99=12327, 99.9=16639, 99.99=21295] 
2022-04-20 13:13:47:032 880 sec: 21827427 operations; 24306.03 current ops/sec; est completion in 52 minutes [INSERT: Count=243035, Max=25631, Min=743, Avg=4111.15, 90=7467, 99=12783, 99.9=17951, 99.99=22111] 
2022-04-20 13:13:57:032 890 sec: 22070297 operations; 24287 current ops/sec; est completion in 52 minutes [INSERT: Count=242871, Max=32207, Min=757, Avg=4113.68, 90=7195, 99=12359, 99.9=17823, 99.99=21631] 
2022-04-20 13:14:07:032 900 sec: 22314109 operations; 24381.2 current ops/sec; est completion in 52 minutes [INSERT: Count=243809, Max=23791, Min=740, Avg=4097.89, 90=7351, 99=12247, 99.9=17071, 99.99=22047] 
2022-04-20 13:14:17:032 910 sec: 22559511 operations; 24537.75 current ops/sec; est completion in 52 minutes [INSERT: Count=245405, Max=24111, Min=748, Avg=4071.57, 90=7331, 99=12199, 99.9=16559, 99.99=20287] 
2022-04-20 13:14:27:032 920 sec: 22804700 operations; 24518.9 current ops/sec; est completion in 51 minutes [INSERT: Count=245189, Max=43615, Min=760, Avg=4075.24, 90=7335, 99=12439, 99.9=17231, 99.99=35519] 
2022-04-20 13:14:37:032 930 sec: 23049519 operations; 24481.9 current ops/sec; est completion in 51 minutes [INSERT: Count=244817, Max=23695, Min=688, Avg=4081.08, 90=7339, 99=12439, 99.9=16799, 99.99=19823] 
2022-04-20 13:14:47:032 940 sec: 23293865 operations; 24437.04 current ops/sec; est completion in 51 minutes [INSERT: Count=244348, Max=38783, Min=740, Avg=4088.86, 90=7215, 99=12575, 99.9=22687, 99.99=30223] 
2022-04-20 13:14:57:032 950 sec: 23538808 operations; 24491.85 current ops/sec; est completion in 51 minutes [INSERT: Count=244943, Max=28607, Min=756, Avg=4078.94, 90=7403, 99=12663, 99.9=17919, 99.99=22511] 
2022-04-20 13:15:07:032 960 sec: 23782012 operations; 24320.4 current ops/sec; est completion in 51 minutes [INSERT: Count=243202, Max=29439, Min=725, Avg=4107.92, 90=7495, 99=12743, 99.9=17855, 99.99=22239] 
2022-04-20 13:15:17:032 970 sec: 24024528 operations; 24254.03 current ops/sec; est completion in 51 minutes [INSERT: Count=242518, Max=33375, Min=709, Avg=4120.05, 90=7343, 99=12847, 99.9=19039, 99.99=25455] 
2022-04-20 13:15:27:032 980 sec: 24271441 operations; 24688.83 current ops/sec; est completion in 50 minutes [INSERT: Count=246910, Max=27695, Min=730, Avg=4046.75, 90=7271, 99=12199, 99.9=16511, 99.99=20271] 
2022-04-20 13:15:37:032 990 sec: 24515833 operations; 24441.64 current ops/sec; est completion in 50 minutes [INSERT: Count=244391, Max=26319, Min=716, Avg=4087.95, 90=7319, 99=12463, 99.9=17695, 99.99=22575] 
2022-04-20 13:15:47:032 1000 sec: 24760767 operations; 24490.95 current ops/sec; est completion in 50 minutes [INSERT: Count=244939, Max=28463, Min=718, Avg=4079.45, 90=7327, 99=12311, 99.9=17119, 99.99=21615] 
2022-04-20 13:15:57:032 1010 sec: 25003313 operations; 24257.03 current ops/sec; est completion in 50 minutes [INSERT: Count=242544, Max=27455, Min=761, Avg=4119.21, 90=7303, 99=12399, 99.9=17295, 99.99=22847] 
2022-04-20 13:16:07:032 1020 sec: 25248151 operations; 24481.35 current ops/sec; est completion in 50 minutes [INSERT: Count=244838, Max=26495, Min=746, Avg=4080.86, 90=7355, 99=12479, 99.9=18223, 99.99=22239] 
2022-04-20 13:16:17:032 1030 sec: 25493411 operations; 24526 current ops/sec; est completion in 50 minutes [INSERT: Count=245259, Max=25551, Min=733, Avg=4073.91, 90=7383, 99=12495, 99.9=16815, 99.99=22239] 
2022-04-20 13:16:27:032 1040 sec: 25737808 operations; 24439.7 current ops/sec; est completion in 50 minutes [INSERT: Count=244397, Max=25455, Min=679, Avg=4087.84, 90=7375, 99=12479, 99.9=17919, 99.99=22271] 
2022-04-20 13:16:37:032 1050 sec: 25978576 operations; 24076.8 current ops/sec; est completion in 49 minutes [INSERT: Count=240770, Max=22479, Min=771, Avg=4149.89, 90=7359, 99=12335, 99.9=16159, 99.99=20799] 
2022-04-20 13:16:47:032 1060 sec: 26219323 operations; 24074.7 current ops/sec; est completion in 49 minutes [INSERT: Count=240747, Max=32927, Min=679, Avg=4150.04, 90=7407, 99=12551, 99.9=16975, 99.99=25679] 
2022-04-20 13:16:57:032 1070 sec: 26460149 operations; 24085.01 current ops/sec; est completion in 49 minutes [INSERT: Count=240823, Max=33791, Min=741, Avg=4148.6, 90=7363, 99=12343, 99.9=17231, 99.99=23983] 
2022-04-20 13:17:07:032 1080 sec: 26698854 operations; 23868.11 current ops/sec; est completion in 49 minutes [INSERT: Count=238705, Max=28319, Min=736, Avg=4185.4, 90=7423, 99=12431, 99.9=17423, 99.99=24911] 
2022-04-20 13:17:17:032 1090 sec: 26940371 operations; 24151.7 current ops/sec; est completion in 49 minutes [INSERT: Count=241521, Max=25743, Min=740, Avg=4136.61, 90=7371, 99=12415, 99.9=17375, 99.99=20975] 
2022-04-20 13:17:27:032 1100 sec: 27183856 operations; 24348.5 current ops/sec; est completion in 49 minutes [INSERT: Count=243482, Max=28511, Min=719, Avg=4103.81, 90=7247, 99=12087, 99.9=16007, 99.99=21359] 
2022-04-20 13:17:37:032 1110 sec: 27428960 operations; 24510.4 current ops/sec; est completion in 48 minutes [INSERT: Count=245107, Max=25263, Min=723, Avg=4075.94, 90=7291, 99=12263, 99.9=18063, 99.99=22335] 
2022-04-20 13:17:47:032 1120 sec: 27674393 operations; 24545.75 current ops/sec; est completion in 48 minutes [INSERT: Count=245428, Max=28479, Min=715, Avg=4070.86, 90=7295, 99=12319, 99.9=17183, 99.99=23503] 
2022-04-20 13:17:57:032 1130 sec: 27928503 operations; 25411 current ops/sec; est completion in 48 minutes [INSERT: Count=254113, Max=33567, Min=660, Avg=3931.87, 90=8303, 99=15031, 99.9=20687, 99.99=27551] 
2022-04-20 13:18:07:032 1140 sec: 28182150 operations; 25364.7 current ops/sec; est completion in 48 minutes [INSERT: Count=253649, Max=78079, Min=666, Avg=3938.86, 90=8303, 99=15719, 99.9=33279, 99.99=68607] 
2022-04-20 13:18:17:032 1150 sec: 28437459 operations; 25530.9 current ops/sec; est completion in 48 minutes [INSERT: Count=255307, Max=31007, Min=628, Avg=3913.18, 90=8599, 99=15479, 99.9=20239, 99.99=23263] 
2022-04-20 13:18:27:032 1160 sec: 28693806 operations; 25634.7 current ops/sec; est completion in 48 minutes [INSERT: Count=256347, Max=28047, Min=665, Avg=3896.99, 90=8415, 99=15367, 99.9=20719, 99.99=24031] 
2022-04-20 13:18:37:032 1170 sec: 28936626 operations; 24279.57 current ops/sec; est completion in 47 minutes [INSERT: Count=242818, Max=28239, Min=700, Avg=4114.9, 90=7011, 99=11975, 99.9=16287, 99.99=22095] 
2022-04-20 13:18:47:032 1180 sec: 29177137 operations; 24051.1 current ops/sec; est completion in 47 minutes [INSERT: Count=240514, Max=32959, Min=794, Avg=4154.4, 90=7023, 99=11911, 99.9=17327, 99.99=23199] 
2022-04-20 13:18:57:032 1190 sec: 29422360 operations; 24524.75 current ops/sec; est completion in 47 minutes [INSERT: Count=245224, Max=25423, Min=716, Avg=4074.32, 90=7387, 99=12287, 99.9=16375, 99.99=21343] 
2022-04-20 13:19:07:032 1200 sec: 29665704 operations; 24331.97 current ops/sec; est completion in 47 minutes [INSERT: Count=243344, Max=26191, Min=659, Avg=4106.09, 90=7431, 99=12823, 99.9=18447, 99.99=22927] 
2022-04-20 13:19:17:032 1210 sec: 29909361 operations; 24368.14 current ops/sec; est completion in 47 minutes [INSERT: Count=243655, Max=26239, Min=719, Avg=4100.24, 90=7383, 99=12719, 99.9=17791, 99.99=22815] 
2022-04-20 13:19:27:032 1220 sec: 30155251 operations; 24589 current ops/sec; est completion in 47 minutes [INSERT: Count=245891, Max=25679, Min=717, Avg=4063.11, 90=7371, 99=12303, 99.9=16311, 99.99=19839] 
2022-04-20 13:19:37:032 1230 sec: 30399007 operations; 24375.6 current ops/sec; est completion in 46 minutes [INSERT: Count=243752, Max=29135, Min=678, Avg=4099.05, 90=7355, 99=12519, 99.9=17423, 99.99=21855] 
2022-04-20 13:19:47:032 1240 sec: 30643359 operations; 24435.2 current ops/sec; est completion in 46 minutes [INSERT: Count=244356, Max=29871, Min=689, Avg=4089.17, 90=7415, 99=12447, 99.9=17071, 99.99=22399] 
2022-04-20 13:19:57:032 1250 sec: 30897958 operations; 25459.9 current ops/sec; est completion in 46 minutes [INSERT: Count=254597, Max=25743, Min=636, Avg=3923.44, 90=8375, 99=14975, 99.9=19759, 99.99=23199] 
2022-04-20 13:20:07:032 1260 sec: 31156958 operations; 25900 current ops/sec; est completion in 46 minutes [INSERT: Count=259000, Max=30175, Min=605, Avg=3857.67, 90=8919, 99=16415, 99.9=22095, 99.99=26783] 
2022-04-20 13:20:17:032 1270 sec: 31400641 operations; 24368.3 current ops/sec; est completion in 46 minutes [INSERT: Count=243686, Max=75647, Min=632, Avg=4100.19, 90=7335, 99=14463, 99.9=22287, 99.99=42751] 
2022-04-20 13:20:27:032 1280 sec: 31656410 operations; 25574.34 current ops/sec; est completion in 46 minutes [INSERT: Count=255766, Max=29183, Min=603, Avg=3906.27, 90=8263, 99=15543, 99.9=21007, 99.99=26015] 
2022-04-20 13:20:37:032 1290 sec: 31916555 operations; 26014.5 current ops/sec; est completion in 45 minutes [INSERT: Count=260147, Max=32527, Min=599, Avg=3839.96, 90=8839, 99=16111, 99.9=21407, 99.99=26447] 
2022-04-20 13:20:47:032 1300 sec: 32178761 operations; 26223.22 current ops/sec; est completion in 45 minutes [INSERT: Count=262203, Max=30575, Min=626, Avg=3809.42, 90=8751, 99=16479, 99.9=22671, 99.99=26895] 
2022-04-20 13:20:57:032 1310 sec: 32440929 operations; 26214.18 current ops/sec; est completion in 45 minutes [INSERT: Count=262170, Max=28623, Min=596, Avg=3811.16, 90=8783, 99=16463, 99.9=21583, 99.99=25951] 
2022-04-20 13:21:07:032 1320 sec: 32701732 operations; 26080.3 current ops/sec; est completion in 45 minutes [INSERT: Count=260802, Max=30031, Min=607, Avg=3829.4, 90=8815, 99=16511, 99.9=21679, 99.99=25567] 
2022-04-20 13:21:17:032 1330 sec: 32962164 operations; 26043.2 current ops/sec; est completion in 45 minutes [INSERT: Count=260432, Max=35743, Min=618, Avg=3837.13, 90=8847, 99=16479, 99.9=22335, 99.99=28383] 
2022-04-20 13:21:27:032 1340 sec: 33225068 operations; 26290.4 current ops/sec; est completion in 44 minutes [INSERT: Count=262903, Max=31359, Min=605, Avg=3799.55, 90=8751, 99=16447, 99.9=22111, 99.99=26671] 
2022-04-20 13:21:37:032 1350 sec: 33487228 operations; 26216 current ops/sec; est completion in 44 minutes [INSERT: Count=262163, Max=27631, Min=605, Avg=3810.9, 90=8783, 99=16319, 99.9=21215, 99.99=25135] 
2022-04-20 13:21:47:032 1360 sec: 33747778 operations; 26055 current ops/sec; est completion in 44 minutes [INSERT: Count=260547, Max=30671, Min=618, Avg=3834.46, 90=8631, 99=16119, 99.9=21567, 99.99=26591] 
2022-04-20 13:21:57:032 1370 sec: 33987727 operations; 23994.9 current ops/sec; est completion in 44 minutes [INSERT: Count=239950, Max=25327, Min=703, Avg=4164.63, 90=6775, 99=10943, 99.9=16399, 99.99=20527] 
2022-04-20 13:22:07:032 1380 sec: 34231721 operations; 24399.4 current ops/sec; est completion in 44 minutes [INSERT: Count=243995, Max=24367, Min=685, Avg=4095.05, 90=7279, 99=12407, 99.9=16639, 99.99=20607] 
2022-04-20 13:22:17:032 1390 sec: 34476247 operations; 24452.6 current ops/sec; est completion in 44 minutes [INSERT: Count=244526, Max=32031, Min=718, Avg=4085.21, 90=7451, 99=12719, 99.9=17311, 99.99=23679] 
2022-04-20 13:22:27:032 1400 sec: 34732691 operations; 25646.96 current ops/sec; est completion in 43 minutes [INSERT: Count=256445, Max=29263, Min=608, Avg=3895.79, 90=8519, 99=15847, 99.9=21279, 99.99=25055] 
2022-04-20 13:22:37:032 1410 sec: 34994605 operations; 26191.4 current ops/sec; est completion in 43 minutes [INSERT: Count=261914, Max=33631, Min=603, Avg=3814.45, 90=8863, 99=16815, 99.9=22783, 99.99=27599] 
2022-04-20 13:22:47:032 1420 sec: 35254843 operations; 26023.8 current ops/sec; est completion in 43 minutes [INSERT: Count=260239, Max=30687, Min=596, Avg=3839.23, 90=8887, 99=16687, 99.9=22287, 99.99=27039] 
2022-04-20 13:22:57:032 1430 sec: 35519960 operations; 26509.05 current ops/sec; est completion in 43 minutes [INSERT: Count=265117, Max=47391, Min=609, Avg=3768.01, 90=8139, 99=16175, 99.9=22527, 99.99=29663] 
2022-04-20 13:23:07:032 1440 sec: 35802233 operations; 28227.3 current ops/sec; est completion in 43 minutes [INSERT: Count=282271, Max=39423, Min=610, Avg=3538.59, 90=6023, 99=10079, 99.9=15983, 99.99=21263] 
2022-04-20 13:23:17:032 1450 sec: 36085758 operations; 28355.34 current ops/sec; est completion in 42 minutes [INSERT: Count=283526, Max=21471, Min=682, Avg=3522.86, 90=5991, 99=9543, 99.9=14071, 99.99=18111] 
2022-04-20 13:23:27:032 1460 sec: 36358324 operations; 27253.87 current ops/sec; est completion in 42 minutes [INSERT: Count=272564, Max=23103, Min=662, Avg=3664.71, 90=5731, 99=9599, 99.9=16447, 99.99=20335] 
2022-04-20 13:23:37:032 1470 sec: 36627526 operations; 26920.2 current ops/sec; est completion in 42 minutes [INSERT: Count=269205, Max=28271, Min=662, Avg=3710.46, 90=5643, 99=9063, 99.9=14607, 99.99=18799] 
2022-04-20 13:23:47:032 1480 sec: 36910288 operations; 28276.2 current ops/sec; est completion in 42 minutes [INSERT: Count=282762, Max=23023, Min=633, Avg=3532.22, 90=6015, 99=9951, 99.9=15647, 99.99=19567] 
2022-04-20 13:23:57:032 1490 sec: 37187877 operations; 27761.68 current ops/sec; est completion in 41 minutes [INSERT: Count=277584, Max=32703, Min=611, Avg=3598.17, 90=6215, 99=10847, 99.9=17327, 99.99=23871] 
2022-04-20 13:24:07:032 1500 sec: 37468227 operations; 28032.2 current ops/sec; est completion in 41 minutes [INSERT: Count=280355, Max=30447, Min=658, Avg=3562.79, 90=6067, 99=10631, 99.9=17743, 99.99=22335] 
2022-04-20 13:24:17:032 1510 sec: 37749803 operations; 28157.6 current ops/sec; est completion in 41 minutes [INSERT: Count=281573, Max=35647, Min=621, Avg=3546.93, 90=6047, 99=10103, 99.9=16199, 99.99=22655] 
2022-04-20 13:24:27:032 1520 sec: 38031895 operations; 28209.2 current ops/sec; est completion in 41 minutes [INSERT: Count=282093, Max=25535, Min=657, Avg=3540.78, 90=6039, 99=9959, 99.9=15975, 99.99=22031] 
2022-04-20 13:24:37:032 1530 sec: 38314886 operations; 28301.93 current ops/sec; est completion in 41 minutes [INSERT: Count=282992, Max=21999, Min=654, Avg=3529.33, 90=5967, 99=9759, 99.9=15671, 99.99=19023] 
2022-04-20 13:24:47:032 1540 sec: 38597189 operations; 28227.48 current ops/sec; est completion in 40 minutes [INSERT: Count=282303, Max=21887, Min=656, Avg=3538.3, 90=6127, 99=10383, 99.9=15671, 99.99=19247] 
2022-04-20 13:24:57:032 1550 sec: 38869773 operations; 27258.4 current ops/sec; est completion in 40 minutes [INSERT: Count=272582, Max=22543, Min=683, Avg=3663.97, 90=5723, 99=9263, 99.9=14799, 99.99=18495] 
2022-04-20 13:25:07:032 1560 sec: 39117557 operations; 24778.4 current ops/sec; est completion in 40 minutes [INSERT: Count=247784, Max=43903, Min=813, Avg=4031.37, 90=5495, 99=9119, 99.9=22239, 99.99=36415] 
2022-04-20 13:25:17:032 1570 sec: 39375384 operations; 25782.7 current ops/sec; est completion in 40 minutes [INSERT: Count=257826, Max=31215, Min=817, Avg=3874.43, 90=5643, 99=10447, 99.9=17359, 99.99=26127] 
2022-04-20 13:25:27:032 1580 sec: 39634546 operations; 25918.79 current ops/sec; est completion in 40 minutes [INSERT: Count=259163, Max=23887, Min=822, Avg=3854.36, 90=5615, 99=9343, 99.9=16431, 99.99=20223] 
2022-04-20 13:25:37:032 1590 sec: 39895597 operations; 26102.49 current ops/sec; est completion in 39 minutes [INSERT: Count=261050, Max=30255, Min=806, Avg=3826.64, 90=5535, 99=9439, 99.9=16879, 99.99=25039] 
2022-04-20 13:25:47:032 1600 sec: 40155702 operations; 26013.1 current ops/sec; est completion in 39 minutes [INSERT: Count=260107, Max=29855, Min=828, Avg=3840.28, 90=5579, 99=10119, 99.9=16991, 99.99=24463] 
2022-04-20 13:25:57:032 1610 sec: 40417430 operations; 26172.8 current ops/sec; est completion in 39 minutes [INSERT: Count=261730, Max=25663, Min=800, Avg=3816.42, 90=5543, 99=9175, 99.9=15095, 99.99=19311] 
2022-04-20 13:26:07:032 1620 sec: 40678642 operations; 26118.59 current ops/sec; est completion in 39 minutes [INSERT: Count=261208, Max=25263, Min=816, Avg=3824.41, 90=5539, 99=8887, 99.9=15023, 99.99=19343] 
2022-04-20 13:26:17:032 1630 sec: 40938943 operations; 26030.1 current ops/sec; est completion in 39 minutes [INSERT: Count=260302, Max=24383, Min=836, Avg=3837.6, 90=5547, 99=9847, 99.9=15839, 99.99=19631] 
2022-04-20 13:26:27:032 1640 sec: 41199529 operations; 26061.21 current ops/sec; est completion in 39 minutes [INSERT: Count=260585, Max=26143, Min=811, Avg=3833.08, 90=5591, 99=9735, 99.9=16479, 99.99=20687] 
2022-04-20 13:26:37:032 1650 sec: 41459783 operations; 26022.8 current ops/sec; est completion in 38 minutes [INSERT: Count=260259, Max=27567, Min=783, Avg=3838.19, 90=5547, 99=9775, 99.9=16847, 99.99=20399] 
2022-04-20 13:26:47:032 1660 sec: 41719945 operations; 26016.2 current ops/sec; est completion in 38 minutes [INSERT: Count=260159, Max=26975, Min=828, Avg=3839.44, 90=5555, 99=9767, 99.9=16911, 99.99=22511] 
2022-04-20 13:26:57:032 1670 sec: 41979981 operations; 26006.2 current ops/sec; est completion in 38 minutes [INSERT: Count=260042, Max=23055, Min=796, Avg=3841.56, 90=5563, 99=9087, 99.9=14871, 99.99=18783] 
2022-04-20 13:27:07:032 1680 sec: 42239332 operations; 25935.1 current ops/sec; est completion in 38 minutes [INSERT: Count=259348, Max=29743, Min=816, Avg=3851.62, 90=5567, 99=9375, 99.9=15879, 99.99=20239] 
2022-04-20 13:27:17:032 1690 sec: 42495899 operations; 25654.13 current ops/sec; est completion in 38 minutes [INSERT: Count=256567, Max=32031, Min=798, Avg=3893.48, 90=5635, 99=10503, 99.9=16007, 99.99=21903] 
2022-04-20 13:27:27:032 1700 sec: 42755145 operations; 25924.6 current ops/sec; est completion in 37 minutes [INSERT: Count=259250, Max=30111, Min=834, Avg=3853.18, 90=5583, 99=9271, 99.9=15695, 99.99=20703] 
2022-04-20 13:27:37:032 1710 sec: 43014592 operations; 25944.7 current ops/sec; est completion in 37 minutes [INSERT: Count=259445, Max=30975, Min=771, Avg=3850.26, 90=5547, 99=9327, 99.9=15503, 99.99=20159] 
2022-04-20 13:27:47:032 1720 sec: 43273265 operations; 25867.3 current ops/sec; est completion in 37 minutes [INSERT: Count=258668, Max=27663, Min=841, Avg=3861.71, 90=5587, 99=9383, 99.9=15783, 99.99=19759] 
2022-04-20 13:27:57:032 1730 sec: 43526641 operations; 25337.6 current ops/sec; est completion in 37 minutes [INSERT: Count=253377, Max=60223, Min=866, Avg=3942.04, 90=5471, 99=9783, 99.9=34847, 99.99=49151] 
2022-04-20 13:28:07:032 1740 sec: 43783924 operations; 25730.87 current ops/sec; est completion in 37 minutes [INSERT: Count=257285, Max=58655, Min=859, Avg=3882.52, 90=5463, 99=9335, 99.9=31279, 99.99=54783] 
2022-04-20 13:28:17:032 1750 sec: 44044277 operations; 26032.7 current ops/sec; est completion in 37 minutes [INSERT: Count=260352, Max=25311, Min=737, Avg=3836.76, 90=5535, 99=9415, 99.9=15215, 99.99=18751] 
2022-04-20 13:28:27:032 1760 sec: 44303005 operations; 25872.8 current ops/sec; est completion in 36 minutes [INSERT: Count=258731, Max=24879, Min=850, Avg=3860.69, 90=5547, 99=9631, 99.9=16879, 99.99=20463] 
2022-04-20 13:28:37:032 1770 sec: 44562905 operations; 25990 current ops/sec; est completion in 36 minutes [INSERT: Count=259895, Max=29807, Min=831, Avg=3843.46, 90=5523, 99=9207, 99.9=15655, 99.99=20911] 
2022-04-20 13:28:47:032 1780 sec: 44822768 operations; 25986.3 current ops/sec; est completion in 36 minutes [INSERT: Count=259862, Max=28047, Min=809, Avg=3844, 90=5523, 99=9815, 99.9=16199, 99.99=19935] 
2022-04-20 13:28:57:032 1790 sec: 45082656 operations; 25991.4 current ops/sec; est completion in 36 minutes [INSERT: Count=259890, Max=29391, Min=756, Avg=3843.64, 90=5555, 99=9103, 99.9=17151, 99.99=20879] 
2022-04-20 13:29:07:032 1800 sec: 45342262 operations; 25958 current ops/sec; est completion in 36 minutes [INSERT: Count=259605, Max=25663, Min=854, Avg=3845.24, 90=5543, 99=9159, 99.9=15663, 99.99=19551] 
2022-04-20 13:29:17:032 1810 sec: 45600436 operations; 25817.4 current ops/sec; est completion in 36 minutes [INSERT: Count=258177, Max=31919, Min=851, Avg=3871.73, 90=5555, 99=10335, 99.9=16495, 99.99=23375] 
2022-04-20 13:29:27:032 1820 sec: 45858298 operations; 25786.2 current ops/sec; est completion in 35 minutes [INSERT: Count=257861, Max=29215, Min=850, Avg=3873.74, 90=5579, 99=9711, 99.9=15919, 99.99=21103] 
2022-04-20 13:29:37:032 1830 sec: 46116718 operations; 25844.58 current ops/sec; est completion in 35 minutes [INSERT: Count=258419, Max=30703, Min=786, Avg=3865.17, 90=5495, 99=9095, 99.9=16055, 99.99=20463] 
2022-04-20 13:29:47:032 1840 sec: 46369319 operations; 25257.57 current ops/sec; est completion in 35 minutes [INSERT: Count=252601, Max=60895, Min=942, Avg=3955.02, 90=5399, 99=8959, 99.9=31039, 99.99=54527] 
2022-04-20 13:29:57:032 1850 sec: 46629346 operations; 26002.7 current ops/sec; est completion in 35 minutes [INSERT: Count=260030, Max=21599, Min=827, Avg=3841.44, 90=5547, 99=9079, 99.9=14439, 99.99=18431] 
2022-04-20 13:30:07:032 1860 sec: 46887504 operations; 25818.38 current ops/sec; est completion in 35 minutes [INSERT: Count=258156, Max=28239, Min=838, Avg=3869.33, 90=5603, 99=9071, 99.9=14463, 99.99=17727] 
2022-04-20 13:30:17:032 1870 sec: 47145589 operations; 25805.92 current ops/sec; est completion in 34 minutes [INSERT: Count=258084, Max=28287, Min=851, Avg=3870.67, 90=5587, 99=9543, 99.9=14967, 99.99=20687] 
2022-04-20 13:30:27:032 1880 sec: 47403369 operations; 25778 current ops/sec; est completion in 34 minutes [INSERT: Count=257781, Max=27391, Min=753, Avg=3875.26, 90=5571, 99=9599, 99.9=16447, 99.99=21119] 
2022-04-20 13:30:37:032 1890 sec: 47662684 operations; 25934.09 current ops/sec; est completion in 34 minutes [INSERT: Count=259314, Max=33855, Min=781, Avg=3851.39, 90=5523, 99=8871, 99.9=16399, 99.99=20591] 
2022-04-20 13:30:47:032 1900 sec: 47921808 operations; 25909.81 current ops/sec; est completion in 34 minutes [INSERT: Count=259124, Max=27039, Min=866, Avg=3855.18, 90=5539, 99=9327, 99.9=15055, 99.99=20799] 
2022-04-20 13:30:57:032 1910 sec: 48176596 operations; 25478.8 current ops/sec; est completion in 34 minutes [INSERT: Count=254787, Max=29439, Min=783, Avg=3920.38, 90=5487, 99=9191, 99.9=15375, 99.99=21087] 
2022-04-20 13:31:07:032 1920 sec: 48434937 operations; 25836.68 current ops/sec; est completion in 34 minutes [INSERT: Count=258343, Max=27695, Min=804, Avg=3866.61, 90=5503, 99=8687, 99.9=15799, 99.99=20127] 
2022-04-20 13:31:17:032 1930 sec: 48691051 operations; 25608.84 current ops/sec; est completion in 33 minutes [INSERT: Count=256112, Max=68159, Min=820, Avg=3900.51, 90=5487, 99=9487, 99.9=36191, 99.99=63615] 
2022-04-20 13:31:27:032 1940 sec: 48949204 operations; 25817.88 current ops/sec; est completion in 33 minutes [INSERT: Count=258153, Max=24447, Min=811, Avg=3869.32, 90=5583, 99=9247, 99.9=15799, 99.99=18831] 
2022-04-20 13:31:37:032 1950 sec: 49207730 operations; 25850.01 current ops/sec; est completion in 33 minutes [INSERT: Count=258527, Max=31439, Min=828, Avg=3863.97, 90=5531, 99=8951, 99.9=19407, 99.99=25839] 
2022-04-20 13:31:47:032 1960 sec: 49467781 operations; 26007.7 current ops/sec; est completion in 33 minutes [INSERT: Count=260050, Max=23199, Min=847, Avg=3841.24, 90=5515, 99=8919, 99.9=16895, 99.99=20591] 
2022-04-20 13:31:57:032 1970 sec: 49727441 operations; 25963.4 current ops/sec; est completion in 33 minutes [INSERT: Count=259664, Max=32959, Min=780, Avg=3847.21, 90=5471, 99=8655, 99.9=15727, 99.99=20975] 
2022-04-20 13:32:07:032 1980 sec: 49981938 operations; 25449.7 current ops/sec; est completion in 33 minutes [INSERT: Count=254492, Max=26063, Min=850, Avg=3924.94, 90=5467, 99=8583, 99.9=15183, 99.99=19071] 
2022-04-20 13:32:17:032 1990 sec: 50239778 operations; 25784 current ops/sec; est completion in 32 minutes [INSERT: Count=257842, Max=32335, Min=855, Avg=3874.22, 90=5579, 99=10071, 99.9=16431, 99.99=22815] 
2022-04-20 13:32:27:032 2000 sec: 50497777 operations; 25799.9 current ops/sec; est completion in 32 minutes [INSERT: Count=258000, Max=22751, Min=874, Avg=3871.79, 90=5495, 99=8759, 99.9=14279, 99.99=17679] 
2022-04-20 13:32:37:032 2010 sec: 50757337 operations; 25958.6 current ops/sec; est completion in 32 minutes [INSERT: Count=259561, Max=25199, Min=736, Avg=3848.26, 90=5547, 99=8807, 99.9=15239, 99.99=18575] 
2022-04-20 13:32:47:032 2020 sec: 51016459 operations; 25909.61 current ops/sec; est completion in 32 minutes [INSERT: Count=259122, Max=27791, Min=782, Avg=3855.14, 90=5591, 99=9311, 99.9=16703, 99.99=20607] 
2022-04-20 13:32:57:032 2030 sec: 51274885 operations; 25842.6 current ops/sec; est completion in 32 minutes [INSERT: Count=258423, Max=26847, Min=827, Avg=3865.37, 90=5579, 99=9735, 99.9=16767, 99.99=21119] 
2022-04-20 13:33:07:032 2040 sec: 51533780 operations; 25892.09 current ops/sec; est completion in 31 minutes [INSERT: Count=258895, Max=28751, Min=758, Avg=3858.31, 90=5547, 99=9039, 99.9=16319, 99.99=21695] 
2022-04-20 13:33:17:032 2050 sec: 51789856 operations; 25605.04 current ops/sec; est completion in 31 minutes [INSERT: Count=256076, Max=30063, Min=843, Avg=3900.93, 90=5487, 99=10103, 99.9=18111, 99.99=25791] 
2022-04-20 13:33:27:032 2060 sec: 52058621 operations; 26876.5 current ops/sec; est completion in 31 minutes [INSERT: Count=268766, Max=23775, Min=740, Avg=3716.52, 90=5623, 99=9383, 99.9=15935, 99.99=20767] 
2022-04-20 13:33:37:032 2070 sec: 52335682 operations; 27708.87 current ops/sec; est completion in 31 minutes [INSERT: Count=277061, Max=28367, Min=714, Avg=3605.02, 90=5895, 99=9711, 99.9=15687, 99.99=20495] 
2022-04-20 13:33:47:032 2080 sec: 52611708 operations; 27602.6 current ops/sec; est completion in 31 minutes [INSERT: Count=276027, Max=21039, Min=733, Avg=3618.58, 90=5919, 99=9855, 99.9=14775, 99.99=19071] 
2022-04-20 13:33:57:032 2090 sec: 52888793 operations; 27705.73 current ops/sec; est completion in 31 minutes [INSERT: Count=277084, Max=22015, Min=743, Avg=3604.33, 90=5887, 99=9591, 99.9=14719, 99.99=18671] 
2022-04-20 13:34:07:032 2100 sec: 53157332 operations; 26856.59 current ops/sec; est completion in 30 minutes [INSERT: Count=268540, Max=116799, Min=763, Avg=3720.06, 90=5795, 99=10623, 99.9=82495, 99.99=110847] 
2022-04-20 13:34:17:032 2110 sec: 53430912 operations; 27358 current ops/sec; est completion in 30 minutes [INSERT: Count=273578, Max=26607, Min=735, Avg=3650.71, 90=5931, 99=9607, 99.9=15495, 99.99=23151] 
2022-04-20 13:34:27:032 2120 sec: 53702303 operations; 27139.1 current ops/sec; est completion in 30 minutes [INSERT: Count=271395, Max=23375, Min=733, Avg=3680.75, 90=5695, 99=9215, 99.9=14751, 99.99=18751] 
2022-04-20 13:34:37:032 2130 sec: 53954332 operations; 25200.38 current ops/sec; est completion in 30 minutes [INSERT: Count=252026, Max=67007, Min=910, Avg=3963.69, 90=5399, 99=8591, 99.9=35711, 99.99=60735] 
2022-04-20 13:34:47:032 2140 sec: 54214379 operations; 26004.7 current ops/sec; est completion in 30 minutes [INSERT: Count=260046, Max=25743, Min=838, Avg=3841.17, 90=5487, 99=8943, 99.9=15375, 99.99=19663] 
2022-04-20 13:34:57:032 2150 sec: 54481188 operations; 26680.9 current ops/sec; est completion in 29 minutes [INSERT: Count=266810, Max=50687, Min=723, Avg=3743.91, 90=5599, 99=8535, 99.9=15623, 99.99=27071] 
2022-04-20 13:35:07:032 2160 sec: 54760519 operations; 27933.1 current ops/sec; est completion in 29 minutes [INSERT: Count=279332, Max=23967, Min=676, Avg=3575.82, 90=6119, 99=10175, 99.9=16031, 99.99=19519] 
2022-04-20 13:35:17:032 2170 sec: 55040983 operations; 28046.4 current ops/sec; est completion in 29 minutes [INSERT: Count=280462, Max=24223, Min=681, Avg=3561.01, 90=6083, 99=10359, 99.9=17071, 99.99=20383] 
2022-04-20 13:35:27:032 2180 sec: 55323075 operations; 28209.2 current ops/sec; est completion in 29 minutes [INSERT: Count=282092, Max=23551, Min=675, Avg=3540.75, 90=6171, 99=10071, 99.9=15135, 99.99=18879] 
2022-04-20 13:35:37:032 2190 sec: 55605777 operations; 28273.03 current ops/sec; est completion in 29 minutes [INSERT: Count=282702, Max=25583, Min=648, Avg=3532.61, 90=5991, 99=9983, 99.9=16383, 99.99=21391] 
2022-04-20 13:35:47:032 2200 sec: 55888030 operations; 28222.48 current ops/sec; est completion in 28 minutes [INSERT: Count=282254, Max=21119, Min=670, Avg=3539, 90=6031, 99=9967, 99.9=14847, 99.99=18847] 
2022-04-20 13:35:57:032 2210 sec: 56163991 operations; 27596.1 current ops/sec; est completion in 28 minutes [INSERT: Count=275961, Max=24991, Min=646, Avg=3619.69, 90=5839, 99=9567, 99.9=15959, 99.99=19855] 
2022-04-20 13:36:07:044 2220 sec: 56434857 operations; 27086.6 current ops/sec; est completion in 28 minutes [INSERT: Count=270866, Max=23839, Min=708, Avg=3688.01, 90=5731, 99=9191, 99.9=15431, 99.99=19055] 
2022-04-20 13:36:17:032 2230 sec: 56716720 operations; 28186.3 current ops/sec; est completion in 28 minutes [INSERT: Count=281862, Max=23599, Min=663, Avg=3543.17, 90=5995, 99=9903, 99.9=14999, 99.99=18511] 
2022-04-20 13:36:27:032 2240 sec: 56996728 operations; 28000.8 current ops/sec; est completion in 28 minutes [INSERT: Count=280010, Max=34303, Min=656, Avg=3566.95, 90=6147, 99=10383, 99.9=18655, 99.99=25647] 
2022-04-20 13:36:37:032 2250 sec: 57280678 operations; 28397.84 current ops/sec; est completion in 27 minutes [INSERT: Count=283951, Max=25775, Min=682, Avg=3517.35, 90=6019, 99=10039, 99.9=16199, 99.99=20399] 
2022-04-20 13:36:47:032 2260 sec: 57564117 operations; 28341.07 current ops/sec; est completion in 27 minutes [INSERT: Count=283436, Max=28607, Min=655, Avg=3523.91, 90=6023, 99=9791, 99.9=15127, 99.99=24719] 
2022-04-20 13:36:57:032 2270 sec: 57846918 operations; 28280.1 current ops/sec; est completion in 27 minutes [INSERT: Count=282807, Max=21471, Min=675, Avg=3531.82, 90=6003, 99=9855, 99.9=15359, 99.99=18751] 
2022-04-20 13:37:07:032 2280 sec: 58129174 operations; 28225.6 current ops/sec; est completion in 27 minutes [INSERT: Count=282254, Max=24479, Min=678, Avg=3538.85, 90=6023, 99=10023, 99.9=14823, 99.99=19823] 
2022-04-20 13:37:17:032 2290 sec: 58411677 operations; 28250.3 current ops/sec; est completion in 27 minutes [INSERT: Count=282502, Max=21295, Min=617, Avg=3534.81, 90=6007, 99=9967, 99.9=15967, 99.99=19087] 
2022-04-20 13:37:27:032 2300 sec: 58685395 operations; 27374.54 current ops/sec; est completion in 27 minutes [INSERT: Count=273720, Max=22527, Min=701, Avg=3649.62, 90=5799, 99=9583, 99.9=16511, 99.99=20223] 
2022-04-20 13:37:37:032 2310 sec: 58938851 operations; 25343.07 current ops/sec; est completion in 26 minutes [INSERT: Count=253451, Max=85119, Min=772, Avg=3941.37, 90=5415, 99=9151, 99.9=52575, 99.99=77503] 
2022-04-20 13:37:47:032 2320 sec: 59197374 operations; 25854.89 current ops/sec; est completion in 26 minutes [INSERT: Count=258521, Max=24591, Min=726, Avg=3863.85, 90=5479, 99=9479, 99.9=15647, 99.99=18831] 
2022-04-20 13:37:57:032 2330 sec: 59459310 operations; 26193.6 current ops/sec; est completion in 26 minutes [INSERT: Count=261940, Max=28239, Min=842, Avg=3813.69, 90=5539, 99=9015, 99.9=14695, 99.99=19807] 
2022-04-20 13:38:07:032 2340 sec: 59721162 operations; 26182.58 current ops/sec; est completion in 26 minutes [INSERT: Count=261852, Max=22479, Min=799, Avg=3814.78, 90=5519, 99=8823, 99.9=15103, 99.99=19071] 
2022-04-20 13:38:17:032 2350 sec: 59980366 operations; 25922.99 current ops/sec; est completion in 26 minutes [INSERT: Count=259202, Max=28095, Min=814, Avg=3853.69, 90=5603, 99=10175, 99.9=16351, 99.99=20351] 
2022-04-20 13:38:27:032 2360 sec: 60237645 operations; 25725.33 current ops/sec; est completion in 25 minutes [INSERT: Count=257278, Max=47007, Min=801, Avg=3882.59, 90=5627, 99=10191, 99.9=16559, 99.99=35263] 
2022-04-20 13:38:37:032 2370 sec: 60496594 operations; 25897.49 current ops/sec; est completion in 25 minutes [INSERT: Count=258948, Max=28351, Min=776, Avg=3857.61, 90=5543, 99=9743, 99.9=17551, 99.99=22255] 
2022-04-20 13:38:47:032 2380 sec: 60754405 operations; 25778.52 current ops/sec; est completion in 25 minutes [INSERT: Count=257815, Max=33247, Min=770, Avg=3874.68, 90=5603, 99=9799, 99.9=16735, 99.99=21919] 
2022-04-20 13:38:57:032 2390 sec: 61015217 operations; 26081.2 current ops/sec; est completion in 25 minutes [INSERT: Count=260811, Max=24799, Min=836, Avg=3830.03, 90=5551, 99=9063, 99.9=14903, 99.99=19439] 
2022-04-20 13:39:07:032 2400 sec: 61273119 operations; 25790.2 current ops/sec; est completion in 25 minutes [INSERT: Count=257901, Max=24415, Min=809, Avg=3873.33, 90=5611, 99=10031, 99.9=16303, 99.99=19791] 
2022-04-20 13:39:17:032 2410 sec: 61527997 operations; 25487.8 current ops/sec; est completion in 25 minutes [INSERT: Count=254883, Max=92031, Min=792, Avg=3918.74, 90=5627, 99=9911, 99.9=20015, 99.99=86207] 
2022-04-20 13:39:27:032 2420 sec: 61787921 operations; 25992.4 current ops/sec; est completion in 24 minutes [INSERT: Count=259919, Max=31231, Min=812, Avg=3843.13, 90=5555, 99=9335, 99.9=16751, 99.99=22367] 
2022-04-20 13:39:37:032 2430 sec: 62046994 operations; 25907.3 current ops/sec; est completion in 24 minutes [INSERT: Count=259077, Max=25151, Min=740, Avg=3855.69, 90=5555, 99=9631, 99.9=15583, 99.99=19519] 
2022-04-20 13:39:47:032 2440 sec: 62306129 operations; 25913.5 current ops/sec; est completion in 24 minutes [INSERT: Count=259132, Max=29823, Min=821, Avg=3854.77, 90=5523, 99=9751, 99.9=15335, 99.99=21007] 
2022-04-20 13:39:57:032 2450 sec: 62566335 operations; 26020.6 current ops/sec; est completion in 24 minutes [INSERT: Count=260207, Max=24703, Min=807, Avg=3838.71, 90=5507, 99=9335, 99.9=14871, 99.99=18175] 
2022-04-20 13:40:07:032 2460 sec: 62825062 operations; 25872.7 current ops/sec; est completion in 24 minutes [INSERT: Count=258725, Max=30815, Min=791, Avg=3860.84, 90=5571, 99=8991, 99.9=15151, 99.99=18959] 
2022-04-20 13:40:17:032 2470 sec: 63083512 operations; 25845 current ops/sec; est completion in 24 minutes [INSERT: Count=258451, Max=25487, Min=852, Avg=3861.94, 90=5591, 99=9391, 99.9=15503, 99.99=19231] 
2022-04-20 13:40:27:032 2480 sec: 63339562 operations; 25605 current ops/sec; est completion in 23 minutes [INSERT: Count=256050, Max=27583, Min=804, Avg=3904.3, 90=5527, 99=8823, 99.9=15887, 99.99=20975] 
2022-04-20 13:40:37:032 2490 sec: 63603860 operations; 26432.44 current ops/sec; est completion in 23 minutes [INSERT: Count=264298, Max=108479, Min=716, Avg=3779.34, 90=5571, 99=9639, 99.9=72255, 99.99=99391] 
2022-04-20 13:40:47:032 2500 sec: 63860804 operations; 25691.83 current ops/sec; est completion in 23 minutes [INSERT: Count=256944, Max=95935, Min=844, Avg=3887.94, 90=5503, 99=9895, 99.9=59295, 99.99=83647] 
2022-04-20 13:40:57:032 2510 sec: 64117069 operations; 25626.5 current ops/sec; est completion in 23 minutes [INSERT: Count=256263, Max=40991, Min=827, Avg=3897.98, 90=5439, 99=9007, 99.9=26047, 99.99=37631] 
2022-04-20 13:41:07:032 2520 sec: 64373482 operations; 25641.3 current ops/sec; est completion in 23 minutes [INSERT: Count=256416, Max=33823, Min=785, Avg=3895.77, 90=5535, 99=9327, 99.9=15767, 99.99=22463] 
2022-04-20 13:41:17:032 2530 sec: 64644806 operations; 27132.4 current ops/sec; est completion in 23 minutes [INSERT: Count=271323, Max=31007, Min=728, Avg=3681.46, 90=5791, 99=9823, 99.9=16767, 99.99=24063] 
2022-04-20 13:41:27:032 2540 sec: 64923613 operations; 27880.7 current ops/sec; est completion in 22 minutes [INSERT: Count=278806, Max=21295, Min=704, Avg=3582.5, 90=5943, 99=9543, 99.9=14855, 99.99=18079] 
2022-04-20 13:41:37:032 2550 sec: 65206205 operations; 28259.2 current ops/sec; est completion in 22 minutes [INSERT: Count=282593, Max=21551, Min=659, Avg=3534.36, 90=6075, 99=10127, 99.9=15223, 99.99=19375] 
2022-04-20 13:41:47:032 2560 sec: 65488538 operations; 28233.3 current ops/sec; est completion in 22 minutes [INSERT: Count=282335, Max=26543, Min=668, Avg=3537.48, 90=6055, 99=9999, 99.9=15271, 99.99=20367] 
2022-04-20 13:41:57:032 2570 sec: 65769776 operations; 28123.8 current ops/sec; est completion in 22 minutes [INSERT: Count=281235, Max=24127, Min=655, Avg=3550.81, 90=6059, 99=10023, 99.9=14911, 99.99=18511] 
2022-04-20 13:42:07:032 2580 sec: 66045657 operations; 27588.1 current ops/sec; est completion in 22 minutes [INSERT: Count=275881, Max=25807, Min=676, Avg=3620.48, 90=5915, 99=9663, 99.9=15647, 99.99=21151] 
2022-04-20 13:42:17:032 2590 sec: 66317826 operations; 27216.9 current ops/sec; est completion in 21 minutes [INSERT: Count=272170, Max=40127, Min=737, Avg=3669.9, 90=5795, 99=9767, 99.9=19375, 99.99=37343] 
2022-04-20 13:42:27:032 2600 sec: 66595488 operations; 27766.2 current ops/sec; est completion in 21 minutes [INSERT: Count=277662, Max=39423, Min=656, Avg=3596.96, 90=5915, 99=9855, 99.9=17359, 99.99=28783] 
2022-04-20 13:42:37:032 2610 sec: 66878574 operations; 28308.6 current ops/sec; est completion in 21 minutes [INSERT: Count=283087, Max=22959, Min=649, Avg=3528.16, 90=6043, 99=9895, 99.9=15839, 99.99=19311] 
2022-04-20 13:42:47:032 2620 sec: 67162485 operations; 28393.94 current ops/sec; est completion in 21 minutes [INSERT: Count=283911, Max=26879, Min=680, Avg=3517.92, 90=6011, 99=9927, 99.9=16847, 99.99=22415] 
2022-04-20 13:42:57:032 2630 sec: 67445470 operations; 28298.5 current ops/sec; est completion in 21 minutes [INSERT: Count=282984, Max=26207, Min=675, Avg=3529.44, 90=6083, 99=10319, 99.9=16927, 99.99=21759] 
2022-04-20 13:43:07:032 2640 sec: 67729310 operations; 28384 current ops/sec; est completion in 20 minutes [INSERT: Count=283842, Max=20831, Min=657, Avg=3519.09, 90=5987, 99=9655, 99.9=13927, 99.99=16911] 
2022-04-20 13:43:17:032 2650 sec: 68012622 operations; 28328.37 current ops/sec; est completion in 20 minutes [INSERT: Count=283311, Max=22383, Min=652, Avg=3525.7, 90=6007, 99=9895, 99.9=15471, 99.99=19951] 
2022-04-20 13:43:27:032 2660 sec: 68295991 operations; 28339.73 current ops/sec; est completion in 20 minutes [INSERT: Count=283370, Max=23583, Min=648, Avg=3524.35, 90=5987, 99=9895, 99.9=15119, 99.99=19279] 
2022-04-20 13:43:37:032 2670 sec: 68572747 operations; 27672.83 current ops/sec; est completion in 20 minutes [INSERT: Count=276753, Max=73343, Min=728, Avg=3609.25, 90=5811, 99=9839, 99.9=31807, 99.99=63967] 
2022-04-20 13:43:47:039 2680 sec: 68833281 operations; 26037.78 current ops/sec; est completion in 20 minutes [INSERT: Count=260537, Max=105791, Min=718, Avg=3832.94, 90=5523, 99=9567, 99.9=64831, 99.99=94207] 
2022-04-20 13:43:57:032 2690 sec: 69088697 operations; 25559.49 current ops/sec; est completion in 20 minutes [INSERT: Count=255416, Max=77631, Min=826, Avg=3911.96, 90=5439, 99=9679, 99.9=30463, 99.99=64415] 
2022-04-20 13:44:07:032 2700 sec: 69349496 operations; 26079.9 current ops/sec; est completion in 19 minutes [INSERT: Count=260802, Max=27599, Min=786, Avg=3830.03, 90=5527, 99=8887, 99.9=14975, 99.99=19055] 
2022-04-20 13:44:17:032 2710 sec: 69609454 operations; 25993.2 current ops/sec; est completion in 19 minutes [INSERT: Count=259956, Max=26767, Min=783, Avg=3842.72, 90=5571, 99=10583, 99.9=16879, 99.99=21407] 
2022-04-20 13:44:27:032 2720 sec: 69871450 operations; 26199.6 current ops/sec; est completion in 19 minutes [INSERT: Count=261992, Max=24975, Min=727, Avg=3812.53, 90=5535, 99=9063, 99.9=14863, 99.99=19439] 
2022-04-20 13:44:37:032 2730 sec: 70133114 operations; 26169.02 current ops/sec; est completion in 19 minutes [INSERT: Count=261664, Max=29183, Min=844, Avg=3817.69, 90=5543, 99=9199, 99.9=15239, 99.99=22303] 
2022-04-20 13:44:47:032 2740 sec: 70391644 operations; 25853 current ops/sec; est completion in 19 minutes [INSERT: Count=258528, Max=29887, Min=830, Avg=3863.67, 90=5623, 99=10383, 99.9=16719, 99.99=20863] 
2022-04-20 13:44:57:032 2750 sec: 70654575 operations; 26290.47 current ops/sec; est completion in 19 minutes [INSERT: Count=262933, Max=26143, Min=728, Avg=3799.38, 90=5547, 99=9007, 99.9=15663, 99.99=20079] 
2022-04-20 13:45:07:032 2760 sec: 70926137 operations; 27158.92 current ops/sec; est completion in 18 minutes [INSERT: Count=271564, Max=21311, Min=651, Avg=3677.74, 90=5887, 99=9575, 99.9=14527, 99.99=18047] 
2022-04-20 13:45:17:032 2770 sec: 71201815 operations; 27565.04 current ops/sec; est completion in 18 minutes [INSERT: Count=275677, Max=47967, Min=700, Avg=3623.36, 90=5819, 99=9895, 99.9=21679, 99.99=38975] 
2022-04-20 13:45:27:032 2780 sec: 71475524 operations; 27373.64 current ops/sec; est completion in 18 minutes [INSERT: Count=273711, Max=40031, Min=691, Avg=3649.21, 90=5743, 99=9167, 99.9=20703, 99.99=35359] 
2022-04-20 13:45:37:032 2790 sec: 71755826 operations; 28030.2 current ops/sec; est completion in 18 minutes [INSERT: Count=280300, Max=32655, Min=662, Avg=3563.33, 90=6031, 99=10287, 99.9=17199, 99.99=25055] 
2022-04-20 13:45:47:032 2800 sec: 72040967 operations; 28511.25 current ops/sec; est completion in 18 minutes [INSERT: Count=285142, Max=23679, Min=675, Avg=3502.86, 90=5975, 99=9847, 99.9=14839, 99.99=19343] 
2022-04-20 13:45:57:032 2810 sec: 72325300 operations; 28436.14 current ops/sec; est completion in 17 minutes [INSERT: Count=284332, Max=23263, Min=645, Avg=3512.61, 90=6015, 99=9927, 99.9=15303, 99.99=19423] 
2022-04-20 13:46:07:032 2820 sec: 72608386 operations; 28305.77 current ops/sec; est completion in 17 minutes [INSERT: Count=283085, Max=25759, Min=658, Avg=3528.45, 90=6047, 99=9919, 99.9=15823, 99.99=21375] 
2022-04-20 13:46:17:032 2830 sec: 72892643 operations; 28425.7 current ops/sec; est completion in 17 minutes [INSERT: Count=284257, Max=20527, Min=655, Avg=3513.54, 90=5963, 99=9751, 99.9=14719, 99.99=18543] 
2022-04-20 13:46:27:032 2840 sec: 73177488 operations; 28484.5 current ops/sec; est completion in 17 minutes [INSERT: Count=284846, Max=21743, Min=630, Avg=3506.76, 90=5963, 99=9807, 99.9=15151, 99.99=18559] 
2022-04-20 13:46:37:032 2850 sec: 73459021 operations; 28153.3 current ops/sec; est completion in 17 minutes [INSERT: Count=281539, Max=27119, Min=663, Avg=3547.67, 90=5947, 99=9871, 99.9=15367, 99.99=20447] 
2022-04-20 13:46:47:032 2860 sec: 73730009 operations; 27101.51 current ops/sec; est completion in 17 minutes [INSERT: Count=270983, Max=68607, Min=802, Avg=3685.84, 90=5627, 99=9311, 99.9=46847, 99.99=61567] 
2022-04-20 13:46:57:032 2870 sec: 73988937 operations; 25890.21 current ops/sec; est completion in 16 minutes [INSERT: Count=258926, Max=61567, Min=755, Avg=3858.12, 90=5443, 99=8895, 99.9=30079, 99.99=53919] 
2022-04-20 13:47:07:032 2880 sec: 74248234 operations; 25932.29 current ops/sec; est completion in 16 minutes [INSERT: Count=259298, Max=37855, Min=777, Avg=3852.27, 90=5519, 99=8839, 99.9=15783, 99.99=21887] 
2022-04-20 13:47:17:032 2890 sec: 74515831 operations; 26757.02 current ops/sec; est completion in 16 minutes [INSERT: Count=267602, Max=29855, Min=742, Avg=3732.65, 90=5735, 99=10575, 99.9=17103, 99.99=21615] 
2022-04-20 13:47:27:032 2900 sec: 74799167 operations; 28333.6 current ops/sec; est completion in 16 minutes [INSERT: Count=283330, Max=24223, Min=650, Avg=3524.92, 90=5911, 99=9767, 99.9=17231, 99.99=21743] 
2022-04-20 13:47:37:032 2910 sec: 75084263 operations; 28509.6 current ops/sec; est completion in 16 minutes [INSERT: Count=285097, Max=21919, Min=670, Avg=3503.33, 90=5951, 99=9719, 99.9=16039, 99.99=20511] 
2022-04-20 13:47:47:032 2920 sec: 75368255 operations; 28399.2 current ops/sec; est completion in 15 minutes [INSERT: Count=283993, Max=20495, Min=636, Avg=3517.14, 90=6023, 99=10079, 99.9=14783, 99.99=18719] 
2022-04-20 13:47:57:032 2930 sec: 75653607 operations; 28535.2 current ops/sec; est completion in 15 minutes [INSERT: Count=285353, Max=22575, Min=649, Avg=3500.33, 90=5931, 99=9727, 99.9=14727, 99.99=19103] 
2022-04-20 13:48:07:032 2940 sec: 75933902 operations; 28029.5 current ops/sec; est completion in 15 minutes [INSERT: Count=280295, Max=23711, Min=652, Avg=3563.26, 90=6059, 99=9919, 99.9=14607, 99.99=18095] 
2022-04-20 13:48:17:032 2950 sec: 76210675 operations; 27677.3 current ops/sec; est completion in 15 minutes [INSERT: Count=276769, Max=28015, Min=720, Avg=3609.02, 90=5835, 99=9847, 99.9=16783, 99.99=24447] 
2022-04-20 13:48:27:032 2960 sec: 76483530 operations; 27285.5 current ops/sec; est completion in 15 minutes [INSERT: Count=272859, Max=26495, Min=657, Avg=3660.58, 90=5767, 99=9391, 99.9=17055, 99.99=23199] 
2022-04-20 13:48:37:032 2970 sec: 76766683 operations; 28315.3 current ops/sec; est completion in 14 minutes [INSERT: Count=283150, Max=38975, Min=637, Avg=3527.49, 90=5995, 99=9887, 99.9=15991, 99.99=23183] 
2022-04-20 13:48:47:032 2980 sec: 77050901 operations; 28421.8 current ops/sec; est completion in 14 minutes [INSERT: Count=284225, Max=22543, Min=658, Avg=3514.04, 90=5995, 99=9855, 99.9=14671, 99.99=17919] 
2022-04-20 13:48:57:032 2990 sec: 77335975 operations; 28507.4 current ops/sec; est completion in 14 minutes [INSERT: Count=285070, Max=21551, Min=659, Avg=3501.83, 90=5975, 99=9735, 99.9=14047, 99.99=18319] 
2022-04-20 13:49:07:032 3000 sec: 77618770 operations; 28279.5 current ops/sec; est completion in 14 minutes [INSERT: Count=282796, Max=22191, Min=650, Avg=3532.23, 90=6087, 99=9943, 99.9=14951, 99.99=19295] 
2022-04-20 13:49:17:033 3010 sec: 77900987 operations; 28221.7 current ops/sec; est completion in 14 minutes [INSERT: Count=282217, Max=22863, Min=683, Avg=3539.23, 90=6027, 99=9927, 99.9=16143, 99.99=19695] 
2022-04-20 13:49:27:032 3020 sec: 78185366 operations; 28437.9 current ops/sec; est completion in 14 minutes [INSERT: Count=284378, Max=25999, Min=642, Avg=3511.97, 90=5979, 99=9679, 99.9=14751, 99.99=22047] 
2022-04-20 13:49:37:032 3030 sec: 78467607 operations; 28224.1 current ops/sec; est completion in 13 minutes [INSERT: Count=282248, Max=22799, Min=669, Avg=3538.82, 90=5999, 99=10127, 99.9=15007, 99.99=19231] 
2022-04-20 13:49:47:032 3040 sec: 78740245 operations; 27263.8 current ops/sec; est completion in 13 minutes [INSERT: Count=272634, Max=92799, Min=771, Avg=3663.5, 90=5671, 99=9247, 99.9=38015, 99.99=84671] 
2022-04-20 13:49:57:032 3050 sec: 79001286 operations; 26104.1 current ops/sec; est completion in 13 minutes [INSERT: Count=261037, Max=29183, Min=745, Avg=3826.54, 90=5471, 99=8623, 99.9=14591, 99.99=23311] 
2022-04-20 13:50:07:032 3060 sec: 79258612 operations; 25732.6 current ops/sec; est completion in 13 minutes [INSERT: Count=257326, Max=30511, Min=871, Avg=3881.76, 90=5551, 99=9583, 99.9=15879, 99.99=21631] 
2022-04-20 13:50:17:032 3070 sec: 79518888 operations; 26030.2 current ops/sec; est completion in 13 minutes [INSERT: Count=260275, Max=39039, Min=777, Avg=3837.88, 90=5547, 99=10527, 99.9=19471, 99.99=26431] 
2022-04-20 13:50:27:032 3080 sec: 79780252 operations; 26133.79 current ops/sec; est completion in 13 minutes [INSERT: Count=261365, Max=55455, Min=804, Avg=3822.1, 90=5511, 99=9439, 99.9=18143, 99.99=53279] 
2022-04-20 13:50:37:032 3090 sec: 80041363 operations; 26111.1 current ops/sec; est completion in 12 minutes [INSERT: Count=261109, Max=42047, Min=828, Avg=3825.68, 90=5511, 99=9943, 99.9=24335, 99.99=37823] 
2022-04-20 13:50:47:032 3100 sec: 80301600 operations; 26026.3 current ops/sec; est completion in 12 minutes [INSERT: Count=260239, Max=27887, Min=749, Avg=3838.46, 90=5523, 99=10591, 99.9=18015, 99.99=22031] 
2022-04-20 13:50:57:032 3110 sec: 80563398 operations; 26177.18 current ops/sec; est completion in 12 minutes [INSERT: Count=261802, Max=24511, Min=782, Avg=3815.5, 90=5515, 99=9359, 99.9=16159, 99.99=19903] 
2022-04-20 13:51:07:032 3120 sec: 80823926 operations; 26055.41 current ops/sec; est completion in 12 minutes [INSERT: Count=260523, Max=27103, Min=799, Avg=3834.07, 90=5535, 99=9063, 99.9=16783, 99.99=22383] 
2022-04-20 13:51:17:032 3130 sec: 81082456 operations; 25850.41 current ops/sec; est completion in 12 minutes [INSERT: Count=258528, Max=22847, Min=869, Avg=3863.88, 90=5555, 99=11031, 99.9=17103, 99.99=20575] 
2022-04-20 13:51:27:032 3140 sec: 81344296 operations; 26184 current ops/sec; est completion in 12 minutes [INSERT: Count=261846, Max=25663, Min=843, Avg=3815.08, 90=5527, 99=9911, 99.9=16399, 99.99=21679] 
2022-04-20 13:51:37:032 3150 sec: 81604747 operations; 26045.1 current ops/sec; est completion in 11 minutes [INSERT: Count=260451, Max=25663, Min=806, Avg=3835.26, 90=5539, 99=9911, 99.9=16143, 99.99=20495] 
2022-04-20 13:51:47:032 3160 sec: 81864258 operations; 25951.1 current ops/sec; est completion in 11 minutes [INSERT: Count=259509, Max=32623, Min=794, Avg=3849.45, 90=5523, 99=10591, 99.9=19487, 99.99=26255] 
2022-04-20 13:51:57:032 3170 sec: 82124896 operations; 26063.8 current ops/sec; est completion in 11 minutes [INSERT: Count=260640, Max=30479, Min=843, Avg=3832.51, 90=5523, 99=9495, 99.9=17167, 99.99=22175] 
2022-04-20 13:52:07:032 3180 sec: 82385290 operations; 26039.4 current ops/sec; est completion in 11 minutes [INSERT: Count=260393, Max=31999, Min=798, Avg=3836.01, 90=5499, 99=9423, 99.9=19999, 99.99=27615] 
2022-04-20 13:52:17:032 3190 sec: 82642892 operations; 25760.2 current ops/sec; est completion in 11 minutes [INSERT: Count=257605, Max=39487, Min=812, Avg=3877.79, 90=5559, 99=10495, 99.9=22543, 99.99=34111] 
2022-04-20 13:52:27:032 3200 sec: 82900205 operations; 25731.3 current ops/sec; est completion in 11 minutes [INSERT: Count=257308, Max=35935, Min=798, Avg=3882.23, 90=5607, 99=10471, 99.9=18767, 99.99=28463] 
2022-04-20 13:52:37:032 3210 sec: 83160810 operations; 26060.5 current ops/sec; est completion in 10 minutes [INSERT: Count=260604, Max=32303, Min=787, Avg=3832.95, 90=5519, 99=9279, 99.9=14983, 99.99=19679] 
2022-04-20 13:52:47:032 3220 sec: 83417321 operations; 25651.1 current ops/sec; est completion in 10 minutes [INSERT: Count=256512, Max=33343, Min=840, Avg=3894.5, 90=5543, 99=9735, 99.9=16623, 99.99=21055] 
2022-04-20 13:52:57:032 3230 sec: 83669342 operations; 25202.1 current ops/sec; est completion in 10 minutes [INSERT: Count=252019, Max=70591, Min=814, Avg=3963.54, 90=5419, 99=9583, 99.9=44511, 99.99=63967] 
2022-04-20 13:53:07:032 3240 sec: 83925133 operations; 25581.66 current ops/sec; est completion in 10 minutes [INSERT: Count=255793, Max=63103, Min=863, Avg=3905.13, 90=5587, 99=10023, 99.9=16847, 99.99=43743] 
2022-04-20 13:53:17:032 3250 sec: 84180620 operations; 25546.15 current ops/sec; est completion in 10 minutes [INSERT: Count=255493, Max=38975, Min=727, Avg=3910.17, 90=5615, 99=11503, 99.9=21887, 99.99=32927] 
2022-04-20 13:53:27:032 3260 sec: 84441015 operations; 26042.1 current ops/sec; est completion in 10 minutes [INSERT: Count=260391, Max=25199, Min=830, Avg=3835.91, 90=5539, 99=9511, 99.9=16135, 99.99=21743] 
2022-04-20 13:53:37:033 3270 sec: 84699377 operations; 25833.62 current ops/sec; est completion in 9 minutes [INSERT: Count=258356, Max=41503, Min=814, Avg=3866.81, 90=5583, 99=10319, 99.9=16183, 99.99=24847] 
2022-04-20 13:53:47:032 3280 sec: 84957441 operations; 25806.4 current ops/sec; est completion in 9 minutes [INSERT: Count=258067, Max=34463, Min=749, Avg=3870.69, 90=5531, 99=11375, 99.9=19919, 99.99=28383] 
2022-04-20 13:53:57:032 3290 sec: 85215727 operations; 25828.6 current ops/sec; est completion in 9 minutes [INSERT: Count=258286, Max=37887, Min=804, Avg=3867.27, 90=5587, 99=10143, 99.9=20671, 99.99=32015] 
2022-04-20 13:54:07:032 3300 sec: 85474108 operations; 25838.1 current ops/sec; est completion in 9 minutes [INSERT: Count=258380, Max=30559, Min=809, Avg=3866.11, 90=5527, 99=9815, 99.9=17583, 99.99=25183] 
2022-04-20 13:54:17:032 3310 sec: 85730480 operations; 25639.76 current ops/sec; est completion in 9 minutes [INSERT: Count=256371, Max=35807, Min=808, Avg=3896.44, 90=5495, 99=11263, 99.9=24719, 99.99=32271] 
2022-04-20 13:54:27:032 3320 sec: 85987490 operations; 25698.43 current ops/sec; est completion in 9 minutes [INSERT: Count=257012, Max=29647, Min=874, Avg=3886.79, 90=5483, 99=9223, 99.9=16927, 99.99=24687] 
2022-04-20 13:54:37:032 3330 sec: 86243713 operations; 25622.3 current ops/sec; est completion in 8 minutes [INSERT: Count=256223, Max=29631, Min=715, Avg=3898.72, 90=5447, 99=9215, 99.9=16655, 99.99=22111] 
2022-04-20 13:54:47:032 3340 sec: 86500538 operations; 25685.07 current ops/sec; est completion in 8 minutes [INSERT: Count=256825, Max=32687, Min=840, Avg=3889.41, 90=5499, 99=11047, 99.9=20095, 99.99=28335] 
2022-04-20 13:54:57:033 3350 sec: 86761786 operations; 26122.19 current ops/sec; est completion in 8 minutes [INSERT: Count=261247, Max=25839, Min=768, Avg=3824.07, 90=5499, 99=9079, 99.9=16295, 99.99=20959] 
2022-04-20 13:55:07:032 3360 sec: 87019518 operations; 25773.2 current ops/sec; est completion in 8 minutes [INSERT: Count=257733, Max=28575, Min=816, Avg=3875.75, 90=5555, 99=9983, 99.9=18143, 99.99=21631] 
2022-04-20 13:55:17:032 3370 sec: 87279236 operations; 25971.8 current ops/sec; est completion in 8 minutes [INSERT: Count=259722, Max=23807, Min=817, Avg=3846.29, 90=5499, 99=10295, 99.9=16719, 99.99=21135] 
2022-04-20 13:55:27:032 3380 sec: 87539054 operations; 25981.8 current ops/sec; est completion in 8 minutes [INSERT: Count=259815, Max=30351, Min=832, Avg=3844.36, 90=5527, 99=9711, 99.9=17199, 99.99=25503] 
2022-04-20 13:55:37:032 3390 sec: 87798815 operations; 25976.1 current ops/sec; est completion in 7 minutes [INSERT: Count=259759, Max=33087, Min=849, Avg=3845.68, 90=5539, 99=9567, 99.9=16975, 99.99=26143] 
2022-04-20 13:55:47:032 3400 sec: 88057912 operations; 25909.7 current ops/sec; est completion in 7 minutes [INSERT: Count=259096, Max=39903, Min=801, Avg=3855.49, 90=5503, 99=10287, 99.9=19231, 99.99=34111] 
2022-04-20 13:55:57:032 3410 sec: 88313604 operations; 25569.2 current ops/sec; est completion in 7 minutes [INSERT: Count=255695, Max=41599, Min=850, Avg=3906.72, 90=5515, 99=9799, 99.9=15975, 99.99=22143] 
2022-04-20 13:56:07:032 3420 sec: 88567113 operations; 25350.9 current ops/sec; est completion in 7 minutes [INSERT: Count=253507, Max=64511, Min=849, Avg=3940.2, 90=5535, 99=9727, 99.9=17823, 99.99=32591] 
2022-04-20 13:56:17:032 3430 sec: 88813345 operations; 24623.2 current ops/sec; est completion in 7 minutes [INSERT: Count=246231, Max=37055, Min=899, Avg=4057.14, 90=5703, 99=14791, 99.9=25599, 99.99=33279] 
2022-04-20 13:56:27:032 3440 sec: 89074740 operations; 26139.5 current ops/sec; est completion in 7 minutes [INSERT: Count=261397, Max=23791, Min=789, Avg=3821.38, 90=5483, 99=8839, 99.9=15647, 99.99=19823] 
2022-04-20 13:56:37:032 3450 sec: 89335387 operations; 26064.7 current ops/sec; est completion in 6 minutes [INSERT: Count=260651, Max=26271, Min=822, Avg=3832.35, 90=5507, 99=9191, 99.9=14791, 99.99=20191] 
2022-04-20 13:56:47:032 3460 sec: 89595564 operations; 26020.3 current ops/sec; est completion in 6 minutes [INSERT: Count=260175, Max=39263, Min=749, Avg=3839.17, 90=5551, 99=8999, 99.9=15551, 99.99=22591] 
2022-04-20 13:56:57:032 3470 sec: 89854152 operations; 25856.21 current ops/sec; est completion in 6 minutes [INSERT: Count=258588, Max=30495, Min=795, Avg=3863.08, 90=5575, 99=9783, 99.9=16639, 99.99=23343] 
2022-04-20 13:57:07:032 3480 sec: 90114587 operations; 26043.5 current ops/sec; est completion in 6 minutes [INSERT: Count=260431, Max=26575, Min=746, Avg=3835.67, 90=5535, 99=9351, 99.9=16151, 99.99=20063] 
2022-04-20 13:57:17:032 3490 sec: 90370524 operations; 25593.7 current ops/sec; est completion in 6 minutes [INSERT: Count=255938, Max=110335, Min=842, Avg=3902.79, 90=5459, 99=10311, 99.9=62175, 99.99=103999] 
2022-04-20 13:57:27:032 3500 sec: 90622861 operations; 25233.7 current ops/sec; est completion in 6 minutes [INSERT: Count=252341, Max=33855, Min=923, Avg=3958.91, 90=5487, 99=10647, 99.9=18911, 99.99=30271] 
2022-04-20 13:57:37:032 3510 sec: 90881132 operations; 25827.1 current ops/sec; est completion in 5 minutes [INSERT: Count=258267, Max=30847, Min=760, Avg=3867.73, 90=5443, 99=8863, 99.9=15431, 99.99=24895] 
2022-04-20 13:57:47:032 3520 sec: 91137829 operations; 25669.7 current ops/sec; est completion in 5 minutes [INSERT: Count=256699, Max=40095, Min=790, Avg=3891.72, 90=5499, 99=10775, 99.9=23647, 99.99=34175] 
2022-04-20 13:57:57:032 3530 sec: 91398549 operations; 26074.61 current ops/sec; est completion in 5 minutes [INSERT: Count=260716, Max=26655, Min=767, Avg=3831.23, 90=5487, 99=9399, 99.9=17583, 99.99=22815] 
2022-04-20 13:58:07:032 3540 sec: 91658693 operations; 26011.8 current ops/sec; est completion in 5 minutes [INSERT: Count=260145, Max=31903, Min=802, Avg=3839.86, 90=5543, 99=9071, 99.9=15343, 99.99=21327] 
2022-04-20 13:58:17:032 3550 sec: 91918979 operations; 26031.2 current ops/sec; est completion in 5 minutes [INSERT: Count=260286, Max=34527, Min=794, Avg=3837.79, 90=5503, 99=9615, 99.9=17535, 99.99=27455] 
2022-04-20 13:58:27:032 3560 sec: 92178648 operations; 25964.3 current ops/sec; est completion in 5 minutes [INSERT: Count=259670, Max=43487, Min=801, Avg=3846.76, 90=5507, 99=10031, 99.9=20671, 99.99=37407] 
2022-04-20 13:58:37:032 3570 sec: 92438952 operations; 26030.4 current ops/sec; est completion in 4 minutes [INSERT: Count=260306, Max=23759, Min=826, Avg=3837.64, 90=5515, 99=9407, 99.9=15799, 99.99=20863] 
2022-04-20 13:58:47:032 3580 sec: 92696594 operations; 25764.2 current ops/sec; est completion in 4 minutes [INSERT: Count=257639, Max=34335, Min=751, Avg=3877.38, 90=5487, 99=11631, 99.9=21247, 99.99=29247] 
2022-04-20 13:58:57:032 3590 sec: 92954856 operations; 25826.2 current ops/sec; est completion in 4 minutes [INSERT: Count=258265, Max=34751, Min=863, Avg=3867.77, 90=5427, 99=9543, 99.9=18463, 99.99=29999] 
2022-04-20 13:59:07:032 3600 sec: 93214028 operations; 25919.79 current ops/sec; est completion in 4 minutes [INSERT: Count=259171, Max=37087, Min=790, Avg=3854.24, 90=5467, 99=9631, 99.9=16143, 99.99=30335] 
2022-04-20 13:59:17:032 3610 sec: 93464868 operations; 25084 current ops/sec; est completion in 4 minutes [INSERT: Count=250843, Max=94783, Min=867, Avg=3982.25, 90=5431, 99=12127, 99.9=64095, 99.99=88511] 
2022-04-20 13:59:27:032 3620 sec: 93717687 operations; 25279.37 current ops/sec; est completion in 4 minutes [INSERT: Count=252817, Max=100031, Min=854, Avg=3951.67, 90=5499, 99=10655, 99.9=63231, 99.99=93567] 
2022-04-20 13:59:37:032 3630 sec: 93977540 operations; 25985.3 current ops/sec; est completion in 3 minutes [INSERT: Count=259851, Max=25535, Min=748, Avg=3844.03, 90=5507, 99=9543, 99.9=15927, 99.99=20239] 
2022-04-20 13:59:47:032 3640 sec: 94235827 operations; 25828.7 current ops/sec; est completion in 3 minutes [INSERT: Count=258287, Max=29903, Min=814, Avg=3867.65, 90=5555, 99=10535, 99.9=18991, 99.99=24783] 
2022-04-20 13:59:57:032 3650 sec: 94496362 operations; 26053.5 current ops/sec; est completion in 3 minutes [INSERT: Count=260534, Max=25039, Min=817, Avg=3833.78, 90=5527, 99=9183, 99.9=16591, 99.99=22431] 
2022-04-20 14:00:07:032 3660 sec: 94753968 operations; 25763.18 current ops/sec; est completion in 3 minutes [INSERT: Count=257608, Max=24607, Min=755, Avg=3877.66, 90=5603, 99=9231, 99.9=15719, 99.99=19615] 
2022-04-20 14:00:17:032 3670 sec: 95010940 operations; 25694.63 current ops/sec; est completion in 3 minutes [INSERT: Count=256969, Max=38175, Min=798, Avg=3887.2, 90=5551, 99=11343, 99.9=24735, 99.99=31903] 
2022-04-20 14:00:27:032 3680 sec: 95270149 operations; 25923.49 current ops/sec; est completion in 3 minutes [INSERT: Count=259210, Max=40031, Min=823, Avg=3853.83, 90=5523, 99=9583, 99.9=19519, 99.99=33759] 
2022-04-20 14:00:37:032 3690 sec: 95527695 operations; 25752.02 current ops/sec; est completion in 2 minutes [INSERT: Count=257550, Max=31583, Min=736, Avg=3878.77, 90=5483, 99=9431, 99.9=16527, 99.99=28015] 
2022-04-20 14:00:47:032 3700 sec: 95775092 operations; 24739.7 current ops/sec; est completion in 2 minutes [INSERT: Count=247395, Max=109375, Min=887, Avg=4037.87, 90=5387, 99=11367, 99.9=75263, 99.99=102655] 
2022-04-20 14:00:57:032 3710 sec: 96031524 operations; 25643.2 current ops/sec; est completion in 2 minutes [INSERT: Count=256433, Max=37823, Min=870, Avg=3895.5, 90=5475, 99=9511, 99.9=19759, 99.99=32255] 
2022-04-20 14:01:07:032 3720 sec: 96287713 operations; 25618.9 current ops/sec; est completion in 2 minutes [INSERT: Count=256188, Max=36703, Min=803, Avg=3899.15, 90=5607, 99=10231, 99.9=20383, 99.99=32767] 
2022-04-20 14:01:17:032 3730 sec: 96543020 operations; 25533.25 current ops/sec; est completion in 2 minutes [INSERT: Count=255308, Max=40191, Min=829, Avg=3912.57, 90=5639, 99=11543, 99.9=20271, 99.99=25487] 
2022-04-20 14:01:27:032 3740 sec: 96802109 operations; 25906.31 current ops/sec; est completion in 2 minutes [INSERT: Count=259087, Max=35743, Min=793, Avg=3855.64, 90=5523, 99=9943, 99.9=19711, 99.99=30783] 
2022-04-20 14:01:37:032 3750 sec: 97062145 operations; 26003.6 current ops/sec; est completion in 1 minute [INSERT: Count=260038, Max=25727, Min=804, Avg=3841.52, 90=5491, 99=9631, 99.9=17071, 99.99=21663] 
2022-04-20 14:01:47:032 3760 sec: 97322154 operations; 26000.9 current ops/sec; est completion in 1 minute [INSERT: Count=260007, Max=36063, Min=860, Avg=3841.81, 90=5483, 99=10655, 99.9=18415, 99.99=25023] 
2022-04-20 14:01:57:032 3770 sec: 97583261 operations; 26110.7 current ops/sec; est completion in 1 minute [INSERT: Count=261109, Max=25455, Min=803, Avg=3825.85, 90=5471, 99=9479, 99.9=15887, 99.99=20831] 
2022-04-20 14:02:07:032 3780 sec: 97836390 operations; 25312.9 current ops/sec; est completion in 1 minute [INSERT: Count=253128, Max=102079, Min=836, Avg=3946.09, 90=5495, 99=9911, 99.9=70783, 99.99=96959] 
2022-04-20 14:02:17:032 3790 sec: 98087537 operations; 25117.21 current ops/sec; est completion in 1 minute [INSERT: Count=251144, Max=44991, Min=809, Avg=3977.17, 90=5463, 99=10839, 99.9=26367, 99.99=39647] 
2022-04-20 14:02:27:032 3800 sec: 98341264 operations; 25370.16 current ops/sec; est completion in 1 minute [INSERT: Count=253728, Max=32159, Min=833, Avg=3937.17, 90=5515, 99=9967, 99.9=17935, 99.99=23247] 
2022-04-20 14:02:37:032 3810 sec: 98599396 operations; 25815.78 current ops/sec; est completion in 55 seconds [INSERT: Count=258132, Max=32687, Min=811, Avg=3869.66, 90=5511, 99=9711, 99.9=18223, 99.99=25151] 
2022-04-20 14:02:47:032 3820 sec: 98858456 operations; 25903.41 current ops/sec; est completion in 45 seconds [INSERT: Count=259060, Max=38751, Min=825, Avg=3856.19, 90=5519, 99=10527, 99.9=18383, 99.99=29455] 
2022-04-20 14:02:57:032 3830 sec: 99119313 operations; 26085.7 current ops/sec; est completion in 35 seconds [INSERT: Count=260856, Max=24511, Min=812, Avg=3829.45, 90=5515, 99=9359, 99.9=16527, 99.99=21279] 
2022-04-20 14:03:07:032 3840 sec: 99378386 operations; 25907.3 current ops/sec; est completion in 25 seconds [INSERT: Count=259077, Max=30943, Min=808, Avg=3855.86, 90=5519, 99=10191, 99.9=18959, 99.99=26415] 
2022-04-20 14:03:17:032 3850 sec: 99634560 operations; 25617.4 current ops/sec; est completion in 15 seconds [INSERT: Count=256169, Max=35935, Min=832, Avg=3899.48, 90=5607, 99=10863, 99.9=17999, 99.99=23727] 
2022-04-20 14:03:27:032 3860 sec: 99893611 operations; 25905.1 current ops/sec; est completion in 5 second [CLEANUP: Count=3, Max=15, Min=5, Avg=8.67, 90=15, 99=15, 99.9=15, 99.99=15] [INSERT: Count=259054, Max=31247, Min=832, Avg=3835.32, 90=5503, 99=9679, 99.9=16975, 99.99=24095] 
2022-04-20 14:03:35:523 3868 sec: 100000000 operations; 12529.62 current ops/sec; [CLEANUP: Count=97, Max=2222079, Min=2, Avg=22901.6, 90=6, 99=6, 99.9=2222079, 99.99=2222079] [INSERT: Count=106386, Max=17535, Min=699, Avg=3031.19, 90=4415, 99=6903, 99.9=11983, 99.99=14367] 
[OVERALL], RunTime(ms), 3868491
[OVERALL], Throughput(ops/sec), 25849.872728151622
[TOTAL_GCS_PS_Scavenge], Count, 5747
[TOTAL_GC_TIME_PS_Scavenge], Time(ms), 37475
[TOTAL_GC_TIME_%_PS_Scavenge], Time(%), 0.968723980487482
[TOTAL_GCS_PS_MarkSweep], Count, 2
[TOTAL_GC_TIME_PS_MarkSweep], Time(ms), 98
[TOTAL_GC_TIME_%_PS_MarkSweep], Time(%), 0.0025332875273588592
[TOTAL_GCs], Count, 5749
[TOTAL_GC_TIME], Time(ms), 37573
[TOTAL_GC_TIME_%], Time(%), 0.9712572680148409
[CLEANUP], Operations, 100
[CLEANUP], AverageLatency(us), 22214.81
[CLEANUP], MinLatency(us), 2
[CLEANUP], MaxLatency(us), 2222079
[CLEANUP], 95thPercentileLatency(us), 6
[CLEANUP], 99thPercentileLatency(us), 15
[INSERT], Operations, 100000000
[INSERT], AverageLatency(us), 3857.97896177
[INSERT], MinLatency(us), 572
[INSERT], MaxLatency(us), 247807
[INSERT], 95thPercentileLatency(us), 8011
[INSERT], 99thPercentileLatency(us), 12967
[INSERT], Return=OK, 100000000
